[ 2018-09-26T11:18:09+08:00 ] 192.168.1.22 /index.php/home/Appt/learn_list
INFO: [ app_init ] --START--
INFO: Run Behavior\BuildLiteBehavior [ RunTime:0.000038s ]
INFO: [ app_init ] --END-- [ RunTime:0.000758s ]
NOTIC: [8] Use of undefined constant 培训 - assumed '培训' E:\wamp\www\qs_wx_xhjj\Application\Home\Conf\config.php 第 15 行.
INFO: [ app_begin ] --START--
INFO: Run Behavior\ReadHtmlCacheBehavior [ RunTime:0.000962s ]
INFO: [ app_begin ] --END-- [ RunTime:0.001136s ]
INFO: [ view_parse ] --START--
INFO: [ template_filter ] --START--
INFO: Run Behavior\ContentReplaceBehavior [ RunTime:0.000062s ]
INFO: [ template_filter ] --END-- [ RunTime:0.000169s ]
INFO: Run Behavior\ParseTemplateBehavior [ RunTime:0.014443s ]
INFO: [ view_parse ] --END-- [ RunTime:0.014555s ]
INFO: [ view_filter ] --START--
INFO: Run Behavior\WriteHtmlCacheBehavior [ RunTime:0.001072s ]
INFO: [ view_filter ] --END-- [ RunTime:0.001219s ]
INFO: [ app_end ] --START--
INFO: Run Behavior\ShowPageTraceBehavior [ RunTime:0.000675s ]
INFO: [ app_end ] --END-- [ RunTime:0.000783s ]

[ 2018-09-26T11:18:09+08:00 ] 192.168.1.22 /index.php/Home/Appt/getList
INFO: [ app_init ] --START--
INFO: Run Behavior\BuildLiteBehavior [ RunTime:0.000034s ]
INFO: [ app_init ] --END-- [ RunTime:0.000524s ]
NOTIC: [8] Use of undefined constant 培训 - assumed '培训' E:\wamp\www\qs_wx_xhjj\Application\Home\Conf\config.php 第 15 行.
INFO: [ app_begin ] --START--
INFO: Run Behavior\ReadHtmlCacheBehavior [ RunTime:0.000646s ]
INFO: [ app_begin ] --END-- [ RunTime:0.000743s ]
SQL: SHOW COLUMNS FROM `qs_wx_xhjj_appt_learn_info` [ RunTime:0.0051s ]
SQL: SELECT * FROM `qs_wx_xhjj_appt_learn_info` WHERE ( is_publish=1 ) ORDER BY id desc LIMIT 7   [ RunTime:0.0009s ]
SQL: SELECT COUNT(*) AS tp_count FROM `qs_wx_xhjj_appt_learn_info` WHERE ( is_publish=1 ) LIMIT 1   [ RunTime:0.0006s ]
NOTIC: [8] Undefined variable: keyword E:\wamp\www\qs_wx_xhjj\Application\Home\Controller\ApptController.class.php 第 101 行.
NOTIC: [8] Undefined variable: keyword E:\wamp\www\qs_wx_xhjj\Application\Home\Controller\ApptController.class.php 第 101 行.
SQL: SHOW COLUMNS FROM `qs_wx_xhjj_sys_all_attach` [ RunTime:0.0047s ]
SQL: SELECT * FROM `qs_wx_xhjj_sys_all_attach` WHERE `module_name` = 'apptlearn' AND `module_info_id` = '31' LIMIT 1   [ RunTime:0.0007s ]
NOTIC: [8] Undefined variable: user_id E:\wamp\www\qs_wx_xhjj\Application\Home\Controller\ApptController.class.php 第 106 行.
NOTIC: [8] Undefined variable: notReadCount E:\wamp\www\qs_wx_xhjj\Application\Home\Controller\ApptController.class.php 第 107 行.
NOTIC: [8] Undefined variable: keyword E:\wamp\www\qs_wx_xhjj\Application\Home\Controller\ApptController.class.php 第 101 行.
NOTIC: [8] Undefined variable: keyword E:\wamp\www\qs_wx_xhjj\Application\Home\Controller\ApptController.class.php 第 101 行.
SQL: SELECT * FROM `qs_wx_xhjj_sys_all_attach` WHERE `module_name` = 'apptlearn' AND `module_info_id` = '30' LIMIT 1   [ RunTime:0.0007s ]
NOTIC: [8] Undefined variable: user_id E:\wamp\www\qs_wx_xhjj\Application\Home\Controller\ApptController.class.php 第 106 行.
NOTIC: [8] Undefined variable: notReadCount E:\wamp\www\qs_wx_xhjj\Application\Home\Controller\ApptController.class.php 第 107 行.
NOTIC: [8] Undefined variable: keyword E:\wamp\www\qs_wx_xhjj\Application\Home\Controller\ApptController.class.php 第 101 行.
NOTIC: [8] Undefined variable: keyword E:\wamp\www\qs_wx_xhjj\Application\Home\Controller\ApptController.class.php 第 101 行.
SQL: SELECT * FROM `qs_wx_xhjj_sys_all_attach` WHERE `module_name` = 'apptlearn' AND `module_info_id` = '29' LIMIT 1   [ RunTime:0.0006s ]
NOTIC: [8] Undefined variable: user_id E:\wamp\www\qs_wx_xhjj\Application\Home\Controller\ApptController.class.php 第 106 行.
NOTIC: [8] Undefined variable: notReadCount E:\wamp\www\qs_wx_xhjj\Application\Home\Controller\ApptController.class.php 第 107 行.

[ 2018-09-26T11:18:13+08:00 ] 192.168.1.22 /index.php/Home/Appt/learn_wxdetail.html?id=31
INFO: [ app_init ] --START--
INFO: Run Behavior\BuildLiteBehavior [ RunTime:0.000027s ]
INFO: [ app_init ] --END-- [ RunTime:0.000577s ]
NOTIC: [8] Use of undefined constant 培训 - assumed '培训' E:\wamp\www\qs_wx_xhjj\Application\Home\Conf\config.php 第 15 行.
INFO: [ app_begin ] --START--
INFO: Run Behavior\ReadHtmlCacheBehavior [ RunTime:0.002026s ]
INFO: [ app_begin ] --END-- [ RunTime:0.002162s ]
INFO: [ view_parse ] --START--
INFO: [ template_filter ] --START--
INFO: Run Behavior\ContentReplaceBehavior [ RunTime:0.000078s ]
INFO: [ template_filter ] --END-- [ RunTime:0.000200s ]
INFO: Run Behavior\ParseTemplateBehavior [ RunTime:0.051480s ]
INFO: [ view_parse ] --END-- [ RunTime:0.051616s ]
INFO: [ view_filter ] --START--
INFO: Run Behavior\WriteHtmlCacheBehavior [ RunTime:0.000468s ]
INFO: [ view_filter ] --END-- [ RunTime:0.000572s ]
INFO: [ app_end ] --START--
INFO: Run Behavior\ShowPageTraceBehavior [ RunTime:0.000612s ]
INFO: [ app_end ] --END-- [ RunTime:0.000721s ]

[ 2018-09-26T11:18:13+08:00 ] 192.168.1.22 /index.php/Home/Appt/getApptlearnDetail/?id=31
INFO: [ app_init ] --START--
INFO: Run Behavior\BuildLiteBehavior [ RunTime:0.000029s ]
INFO: [ app_init ] --END-- [ RunTime:0.000524s ]
NOTIC: [8] Use of undefined constant 培训 - assumed '培训' E:\wamp\www\qs_wx_xhjj\Application\Home\Conf\config.php 第 15 行.
INFO: [ app_begin ] --START--
INFO: Run Behavior\ReadHtmlCacheBehavior [ RunTime:0.000654s ]
INFO: [ app_begin ] --END-- [ RunTime:0.000757s ]
SQL: SHOW COLUMNS FROM `qs_wx_xhjj_appt_learn_info` [ RunTime:0.0050s ]
SQL: SELECT * FROM `qs_wx_xhjj_appt_learn_info` WHERE ( id=31 ) LIMIT 1   [ RunTime:0.0006s ]
SQL: SHOW COLUMNS FROM `qs_wx_xhjj_sys_all_attach` [ RunTime:0.0050s ]
SQL: SELECT * FROM `qs_wx_xhjj_sys_all_attach` WHERE `module_name` = 'apptlearn' AND `module_info_id` = '31' LIMIT 1   [ RunTime:0.0007s ]
SQL: UPDATE `qs_wx_xhjj_appt_learn_info` SET `read_num`='4' WHERE ( id=31 ) [ RunTime:0.0007s ]
SQL: SHOW COLUMNS FROM `qs_wx_xhjj_sys_user_info` [ RunTime:0.0050s ]
SQL: SELECT * FROM `qs_wx_xhjj_sys_user_info` WHERE ( id=1 ) LIMIT 1   [ RunTime:0.0007s ]

[ 2018-09-26T11:18:17+08:00 ] 192.168.1.22 /index.php/Home/Appt/getList
INFO: [ app_init ] --START--
INFO: Run Behavior\BuildLiteBehavior [ RunTime:0.000032s ]
INFO: [ app_init ] --END-- [ RunTime:0.000524s ]
NOTIC: [8] Use of undefined constant 培训 - assumed '培训' E:\wamp\www\qs_wx_xhjj\Application\Home\Conf\config.php 第 15 行.
INFO: [ app_begin ] --START--
INFO: Run Behavior\ReadHtmlCacheBehavior [ RunTime:0.000518s ]
INFO: [ app_begin ] --END-- [ RunTime:0.000634s ]
SQL: SHOW COLUMNS FROM `qs_wx_xhjj_appt_learn_info` [ RunTime:0.0065s ]
SQL: SELECT * FROM `qs_wx_xhjj_appt_learn_info` WHERE ( is_publish=1 ) ORDER BY id desc LIMIT 7   [ RunTime:0.0022s ]
SQL: SELECT COUNT(*) AS tp_count FROM `qs_wx_xhjj_appt_learn_info` WHERE ( is_publish=1 ) LIMIT 1   [ RunTime:0.0012s ]
NOTIC: [8] Undefined variable: keyword E:\wamp\www\qs_wx_xhjj\Application\Home\Controller\ApptController.class.php 第 101 行.
NOTIC: [8] Undefined variable: keyword E:\wamp\www\qs_wx_xhjj\Application\Home\Controller\ApptController.class.php 第 101 行.
SQL: SHOW COLUMNS FROM `qs_wx_xhjj_sys_all_attach` [ RunTime:0.0049s ]
SQL: SELECT * FROM `qs_wx_xhjj_sys_all_attach` WHERE `module_name` = 'apptlearn' AND `module_info_id` = '31' LIMIT 1   [ RunTime:0.0010s ]
NOTIC: [8] Undefined variable: user_id E:\wamp\www\qs_wx_xhjj\Application\Home\Controller\ApptController.class.php 第 106 行.
NOTIC: [8] Undefined variable: notReadCount E:\wamp\www\qs_wx_xhjj\Application\Home\Controller\ApptController.class.php 第 107 行.
NOTIC: [8] Undefined variable: keyword E:\wamp\www\qs_wx_xhjj\Application\Home\Controller\ApptController.class.php 第 101 行.
NOTIC: [8] Undefined variable: keyword E:\wamp\www\qs_wx_xhjj\Application\Home\Controller\ApptController.class.php 第 101 行.
SQL: SELECT * FROM `qs_wx_xhjj_sys_all_attach` WHERE `module_name` = 'apptlearn' AND `module_info_id` = '30' LIMIT 1   [ RunTime:0.0011s ]
NOTIC: [8] Undefined variable: user_id E:\wamp\www\qs_wx_xhjj\Application\Home\Controller\ApptController.class.php 第 106 行.
NOTIC: [8] Undefined variable: notReadCount E:\wamp\www\qs_wx_xhjj\Application\Home\Controller\ApptController.class.php 第 107 行.
NOTIC: [8] Undefined variable: keyword E:\wamp\www\qs_wx_xhjj\Application\Home\Controller\ApptController.class.php 第 101 行.
NOTIC: [8] Undefined variable: keyword E:\wamp\www\qs_wx_xhjj\Application\Home\Controller\ApptController.class.php 第 101 行.
SQL: SELECT * FROM `qs_wx_xhjj_sys_all_attach` WHERE `module_name` = 'apptlearn' AND `module_info_id` = '29' LIMIT 1   [ RunTime:0.0011s ]
NOTIC: [8] Undefined variable: user_id E:\wamp\www\qs_wx_xhjj\Application\Home\Controller\ApptController.class.php 第 106 行.
NOTIC: [8] Undefined variable: notReadCount E:\wamp\www\qs_wx_xhjj\Application\Home\Controller\ApptController.class.php 第 107 行.

[ 2018-09-26T11:18:18+08:00 ] 192.168.1.22 /index.php/Home/Appt/learn_wxdetail.html?id=31
INFO: [ app_init ] --START--
INFO: Run Behavior\BuildLiteBehavior [ RunTime:0.000023s ]
INFO: [ app_init ] --END-- [ RunTime:0.000383s ]
NOTIC: [8] Use of undefined constant 培训 - assumed '培训' E:\wamp\www\qs_wx_xhjj\Application\Home\Conf\config.php 第 15 行.
INFO: [ app_begin ] --START--
INFO: Run Behavior\ReadHtmlCacheBehavior [ RunTime:0.000424s ]
INFO: [ app_begin ] --END-- [ RunTime:0.000529s ]
INFO: [ view_parse ] --START--
INFO: [ template_filter ] --START--
INFO: Run Behavior\ContentReplaceBehavior [ RunTime:0.000071s ]
INFO: [ template_filter ] --END-- [ RunTime:0.000176s ]
INFO: Run Behavior\ParseTemplateBehavior [ RunTime:0.006683s ]
INFO: [ view_parse ] --END-- [ RunTime:0.006826s ]
INFO: [ view_filter ] --START--
INFO: Run Behavior\WriteHtmlCacheBehavior [ RunTime:0.000549s ]
INFO: [ view_filter ] --END-- [ RunTime:0.000649s ]
INFO: [ app_end ] --START--
INFO: Run Behavior\ShowPageTraceBehavior [ RunTime:0.000540s ]
INFO: [ app_end ] --END-- [ RunTime:0.000690s ]

[ 2018-09-26T11:18:18+08:00 ] 192.168.1.22 /index.php/Home/Appt/getApptlearnDetail/?id=31
INFO: [ app_init ] --START--
INFO: Run Behavior\BuildLiteBehavior [ RunTime:0.000023s ]
INFO: [ app_init ] --END-- [ RunTime:0.000375s ]
NOTIC: [8] Use of undefined constant 培训 - assumed '培训' E:\wamp\www\qs_wx_xhjj\Application\Home\Conf\config.php 第 15 行.
INFO: [ app_begin ] --START--
INFO: Run Behavior\ReadHtmlCacheBehavior [ RunTime:0.000392s ]
INFO: [ app_begin ] --END-- [ RunTime:0.000478s ]
SQL: SHOW COLUMNS FROM `qs_wx_xhjj_appt_learn_info` [ RunTime:0.0049s ]
SQL: SELECT * FROM `qs_wx_xhjj_appt_learn_info` WHERE ( id=31 ) LIMIT 1   [ RunTime:0.0008s ]
SQL: SHOW COLUMNS FROM `qs_wx_xhjj_sys_all_attach` [ RunTime:0.0057s ]
SQL: SELECT * FROM `qs_wx_xhjj_sys_all_attach` WHERE `module_name` = 'apptlearn' AND `module_info_id` = '31' LIMIT 1   [ RunTime:0.0007s ]
SQL: UPDATE `qs_wx_xhjj_appt_learn_info` SET `read_num`='5' WHERE ( id=31 ) [ RunTime:0.0006s ]
SQL: SHOW COLUMNS FROM `qs_wx_xhjj_sys_user_info` [ RunTime:0.0054s ]
SQL: SELECT * FROM `qs_wx_xhjj_sys_user_info` WHERE ( id=1 ) LIMIT 1   [ RunTime:0.0007s ]

[ 2018-09-26T11:18:33+08:00 ] 192.168.1.22 /index.php/Home/Appt/getList
INFO: [ app_init ] --START--
INFO: Run Behavior\BuildLiteBehavior [ RunTime:0.000047s ]
INFO: [ app_init ] --END-- [ RunTime:0.000827s ]
NOTIC: [8] Use of undefined constant 培训 - assumed '培训' E:\wamp\www\qs_wx_xhjj\Application\Home\Conf\config.php 第 15 行.
INFO: [ app_begin ] --START--
INFO: Run Behavior\ReadHtmlCacheBehavior [ RunTime:0.000845s ]
INFO: [ app_begin ] --END-- [ RunTime:0.001036s ]
SQL: SHOW COLUMNS FROM `qs_wx_xhjj_appt_learn_info` [ RunTime:0.0051s ]
SQL: SELECT * FROM `qs_wx_xhjj_appt_learn_info` WHERE ( is_publish=1 ) ORDER BY id desc LIMIT 7   [ RunTime:0.0008s ]
SQL: SELECT COUNT(*) AS tp_count FROM `qs_wx_xhjj_appt_learn_info` WHERE ( is_publish=1 ) LIMIT 1   [ RunTime:0.0006s ]
NOTIC: [8] Undefined variable: keyword E:\wamp\www\qs_wx_xhjj\Application\Home\Controller\ApptController.class.php 第 101 行.
NOTIC: [8] Undefined variable: keyword E:\wamp\www\qs_wx_xhjj\Application\Home\Controller\ApptController.class.php 第 101 行.
SQL: SHOW COLUMNS FROM `qs_wx_xhjj_sys_all_attach` [ RunTime:0.0055s ]
SQL: SELECT * FROM `qs_wx_xhjj_sys_all_attach` WHERE `module_name` = 'apptlearn' AND `module_info_id` = '31' LIMIT 1   [ RunTime:0.0008s ]
NOTIC: [8] Undefined variable: user_id E:\wamp\www\qs_wx_xhjj\Application\Home\Controller\ApptController.class.php 第 106 行.
NOTIC: [8] Undefined variable: notReadCount E:\wamp\www\qs_wx_xhjj\Application\Home\Controller\ApptController.class.php 第 107 行.
NOTIC: [8] Undefined variable: keyword E:\wamp\www\qs_wx_xhjj\Application\Home\Controller\ApptController.class.php 第 101 行.
NOTIC: [8] Undefined variable: keyword E:\wamp\www\qs_wx_xhjj\Application\Home\Controller\ApptController.class.php 第 101 行.
SQL: SELECT * FROM `qs_wx_xhjj_sys_all_attach` WHERE `module_name` = 'apptlearn' AND `module_info_id` = '30' LIMIT 1   [ RunTime:0.0009s ]
NOTIC: [8] Undefined variable: user_id E:\wamp\www\qs_wx_xhjj\Application\Home\Controller\ApptController.class.php 第 106 行.
NOTIC: [8] Undefined variable: notReadCount E:\wamp\www\qs_wx_xhjj\Application\Home\Controller\ApptController.class.php 第 107 行.
NOTIC: [8] Undefined variable: keyword E:\wamp\www\qs_wx_xhjj\Application\Home\Controller\ApptController.class.php 第 101 行.
NOTIC: [8] Undefined variable: keyword E:\wamp\www\qs_wx_xhjj\Application\Home\Controller\ApptController.class.php 第 101 行.
SQL: SELECT * FROM `qs_wx_xhjj_sys_all_attach` WHERE `module_name` = 'apptlearn' AND `module_info_id` = '29' LIMIT 1   [ RunTime:0.0008s ]
NOTIC: [8] Undefined variable: user_id E:\wamp\www\qs_wx_xhjj\Application\Home\Controller\ApptController.class.php 第 106 行.
NOTIC: [8] Undefined variable: notReadCount E:\wamp\www\qs_wx_xhjj\Application\Home\Controller\ApptController.class.php 第 107 行.

