[ 2018-08-22T16:18:50+08:00 ] ::1 /index.php/home
INFO: [ app_init ] --START--
INFO: Run Behavior\BuildLiteBehavior [ RunTime:0.000025s ]
INFO: [ app_init ] --END-- [ RunTime:0.000731s ]
NOTIC: [8] Use of undefined constant 培训 - assumed '培训' E:\wamp\www\qs_wx_xhjj\Application\Home\Conf\config.php 第 15 行.
INFO: [ app_begin ] --START--
INFO: Run Behavior\ReadHtmlCacheBehavior [ RunTime:0.000952s ]
INFO: [ app_begin ] --END-- [ RunTime:0.001073s ]
INFO: [ view_parse ] --START--
INFO: Run Behavior\ParseTemplateBehavior [ RunTime:0.007169s ]
INFO: [ view_parse ] --END-- [ RunTime:0.007307s ]
INFO: [ view_filter ] --START--
INFO: Run Behavior\WriteHtmlCacheBehavior [ RunTime:0.001170s ]
INFO: [ view_filter ] --END-- [ RunTime:0.001277s ]
INFO: [ app_end ] --START--
INFO: Run Behavior\ShowPageTraceBehavior [ RunTime:0.000917s ]
INFO: [ app_end ] --END-- [ RunTime:0.001026s ]

[ 2018-08-22T16:19:38+08:00 ] ::1 /index.php/home/notice/notice_list?cat_id=7
INFO: [ app_init ] --START--
INFO: Run Behavior\BuildLiteBehavior [ RunTime:0.000026s ]
INFO: [ app_init ] --END-- [ RunTime:0.000558s ]
NOTIC: [8] Use of undefined constant 培训 - assumed '培训' E:\wamp\www\qs_wx_xhjj\Application\Home\Conf\config.php 第 15 行.
INFO: [ app_begin ] --START--
INFO: Run Behavior\ReadHtmlCacheBehavior [ RunTime:0.002207s ]
INFO: [ app_begin ] --END-- [ RunTime:0.002332s ]
SQL: SHOW COLUMNS FROM `qs_wx_xhjj_notice_cat` [ RunTime:0.0091s ]
SQL: SELECT * FROM `qs_wx_xhjj_notice_cat` WHERE ( id=7 ) LIMIT 1   [ RunTime:0.0017s ]
INFO: [ view_parse ] --START--
INFO: [ template_filter ] --START--
INFO: Run Behavior\ContentReplaceBehavior [ RunTime:0.000069s ]
INFO: [ template_filter ] --END-- [ RunTime:0.000281s ]
INFO: Run Behavior\ParseTemplateBehavior [ RunTime:0.035668s ]
INFO: [ view_parse ] --END-- [ RunTime:0.035795s ]
INFO: [ view_filter ] --START--
INFO: Run Behavior\WriteHtmlCacheBehavior [ RunTime:0.001020s ]
INFO: [ view_filter ] --END-- [ RunTime:0.001141s ]
INFO: [ app_end ] --START--
INFO: Run Behavior\ShowPageTraceBehavior [ RunTime:0.001192s ]
INFO: [ app_end ] --END-- [ RunTime:0.001305s ]

[ 2018-08-22T16:19:38+08:00 ] ::1 /index.php/Home/Notice/getList
INFO: [ app_init ] --START--
INFO: Run Behavior\BuildLiteBehavior [ RunTime:0.000026s ]
INFO: [ app_init ] --END-- [ RunTime:0.000537s ]
NOTIC: [8] Use of undefined constant 培训 - assumed '培训' E:\wamp\www\qs_wx_xhjj\Application\Home\Conf\config.php 第 15 行.
INFO: [ app_begin ] --START--
INFO: Run Behavior\ReadHtmlCacheBehavior [ RunTime:0.000810s ]
INFO: [ app_begin ] --END-- [ RunTime:0.000909s ]
SQL: SHOW COLUMNS FROM `qs_wx_xhjj_notice_info` [ RunTime:0.0265s ]
SQL: SELECT * FROM `qs_wx_xhjj_notice_info` WHERE ( is_publish=1 and cat_id=7 ) ORDER BY id desc LIMIT 7   [ RunTime:0.0085s ]
SQL: SELECT COUNT(*) AS tp_count FROM `qs_wx_xhjj_notice_info` WHERE ( is_publish=1 and cat_id=7 ) LIMIT 1   [ RunTime:0.0008s ]
NOTIC: [8] Undefined variable: keyword E:\wamp\www\qs_wx_xhjj\Application\Home\Controller\NoticeController.class.php 第 60 行.
NOTIC: [8] Undefined variable: keyword E:\wamp\www\qs_wx_xhjj\Application\Home\Controller\NoticeController.class.php 第 60 行.
SQL: SHOW COLUMNS FROM `qs_wx_xhjj_notice_cat` [ RunTime:0.0083s ]
SQL: SELECT * FROM `qs_wx_xhjj_notice_cat` WHERE ( id=7 ) LIMIT 1   [ RunTime:0.0034s ]
SQL: SHOW COLUMNS FROM `qs_wx_xhjj_sys_all_attach` [ RunTime:0.0089s ]
SQL: SELECT * FROM `qs_wx_xhjj_sys_all_attach` WHERE `module_name` = 'notice' AND `module_info_id` = '109' LIMIT 1   [ RunTime:0.0579s ]
NOTIC: [8] Undefined variable: user_id E:\wamp\www\qs_wx_xhjj\Application\Home\Controller\NoticeController.class.php 第 65 行.
NOTIC: [8] Undefined variable: notReadCount E:\wamp\www\qs_wx_xhjj\Application\Home\Controller\NoticeController.class.php 第 66 行.
NOTIC: [8] Undefined variable: keyword E:\wamp\www\qs_wx_xhjj\Application\Home\Controller\NoticeController.class.php 第 60 行.
NOTIC: [8] Undefined variable: keyword E:\wamp\www\qs_wx_xhjj\Application\Home\Controller\NoticeController.class.php 第 60 行.
SQL: SELECT * FROM `qs_wx_xhjj_notice_cat` WHERE ( id=7 ) LIMIT 1   [ RunTime:0.0007s ]
SQL: SELECT * FROM `qs_wx_xhjj_sys_all_attach` WHERE `module_name` = 'notice' AND `module_info_id` = '108' LIMIT 1   [ RunTime:0.0005s ]
NOTIC: [8] Undefined variable: user_id E:\wamp\www\qs_wx_xhjj\Application\Home\Controller\NoticeController.class.php 第 65 行.
NOTIC: [8] Undefined variable: notReadCount E:\wamp\www\qs_wx_xhjj\Application\Home\Controller\NoticeController.class.php 第 66 行.
NOTIC: [8] Undefined variable: keyword E:\wamp\www\qs_wx_xhjj\Application\Home\Controller\NoticeController.class.php 第 60 行.
NOTIC: [8] Undefined variable: keyword E:\wamp\www\qs_wx_xhjj\Application\Home\Controller\NoticeController.class.php 第 60 行.
SQL: SELECT * FROM `qs_wx_xhjj_notice_cat` WHERE ( id=7 ) LIMIT 1   [ RunTime:0.0013s ]
SQL: SELECT * FROM `qs_wx_xhjj_sys_all_attach` WHERE `module_name` = 'notice' AND `module_info_id` = '107' LIMIT 1   [ RunTime:0.0027s ]
NOTIC: [8] Undefined variable: user_id E:\wamp\www\qs_wx_xhjj\Application\Home\Controller\NoticeController.class.php 第 65 行.
NOTIC: [8] Undefined variable: notReadCount E:\wamp\www\qs_wx_xhjj\Application\Home\Controller\NoticeController.class.php 第 66 行.
NOTIC: [8] Undefined variable: keyword E:\wamp\www\qs_wx_xhjj\Application\Home\Controller\NoticeController.class.php 第 60 行.
NOTIC: [8] Undefined variable: keyword E:\wamp\www\qs_wx_xhjj\Application\Home\Controller\NoticeController.class.php 第 60 行.
SQL: SELECT * FROM `qs_wx_xhjj_notice_cat` WHERE ( id=7 ) LIMIT 1   [ RunTime:0.0031s ]
SQL: SELECT * FROM `qs_wx_xhjj_sys_all_attach` WHERE `module_name` = 'notice' AND `module_info_id` = '106' LIMIT 1   [ RunTime:0.0036s ]
NOTIC: [8] Undefined variable: user_id E:\wamp\www\qs_wx_xhjj\Application\Home\Controller\NoticeController.class.php 第 65 行.
NOTIC: [8] Undefined variable: notReadCount E:\wamp\www\qs_wx_xhjj\Application\Home\Controller\NoticeController.class.php 第 66 行.
NOTIC: [8] Undefined variable: keyword E:\wamp\www\qs_wx_xhjj\Application\Home\Controller\NoticeController.class.php 第 60 行.
NOTIC: [8] Undefined variable: keyword E:\wamp\www\qs_wx_xhjj\Application\Home\Controller\NoticeController.class.php 第 60 行.
SQL: SELECT * FROM `qs_wx_xhjj_notice_cat` WHERE ( id=7 ) LIMIT 1   [ RunTime:0.0027s ]
SQL: SELECT * FROM `qs_wx_xhjj_sys_all_attach` WHERE `module_name` = 'notice' AND `module_info_id` = '105' LIMIT 1   [ RunTime:0.0022s ]
NOTIC: [8] Undefined variable: user_id E:\wamp\www\qs_wx_xhjj\Application\Home\Controller\NoticeController.class.php 第 65 行.
NOTIC: [8] Undefined variable: notReadCount E:\wamp\www\qs_wx_xhjj\Application\Home\Controller\NoticeController.class.php 第 66 行.
NOTIC: [8] Undefined variable: keyword E:\wamp\www\qs_wx_xhjj\Application\Home\Controller\NoticeController.class.php 第 60 行.
NOTIC: [8] Undefined variable: keyword E:\wamp\www\qs_wx_xhjj\Application\Home\Controller\NoticeController.class.php 第 60 行.
SQL: SELECT * FROM `qs_wx_xhjj_notice_cat` WHERE ( id=7 ) LIMIT 1   [ RunTime:0.0023s ]
SQL: SELECT * FROM `qs_wx_xhjj_sys_all_attach` WHERE `module_name` = 'notice' AND `module_info_id` = '104' LIMIT 1   [ RunTime:0.0035s ]
NOTIC: [8] Undefined variable: user_id E:\wamp\www\qs_wx_xhjj\Application\Home\Controller\NoticeController.class.php 第 65 行.
NOTIC: [8] Undefined variable: notReadCount E:\wamp\www\qs_wx_xhjj\Application\Home\Controller\NoticeController.class.php 第 66 行.
NOTIC: [8] Undefined variable: keyword E:\wamp\www\qs_wx_xhjj\Application\Home\Controller\NoticeController.class.php 第 60 行.
NOTIC: [8] Undefined variable: keyword E:\wamp\www\qs_wx_xhjj\Application\Home\Controller\NoticeController.class.php 第 60 行.
SQL: SELECT * FROM `qs_wx_xhjj_notice_cat` WHERE ( id=7 ) LIMIT 1   [ RunTime:0.0038s ]
SQL: SELECT * FROM `qs_wx_xhjj_sys_all_attach` WHERE `module_name` = 'notice' AND `module_info_id` = '103' LIMIT 1   [ RunTime:0.0036s ]
NOTIC: [8] Undefined variable: user_id E:\wamp\www\qs_wx_xhjj\Application\Home\Controller\NoticeController.class.php 第 65 行.
NOTIC: [8] Undefined variable: notReadCount E:\wamp\www\qs_wx_xhjj\Application\Home\Controller\NoticeController.class.php 第 66 行.

[ 2018-08-22T16:19:46+08:00 ] ::1 /index.php/Home/Notice/notice_wxdetail.html?id=109&cat_id=7
INFO: [ app_init ] --START--
INFO: Run Behavior\BuildLiteBehavior [ RunTime:0.000028s ]
INFO: [ app_init ] --END-- [ RunTime:0.000565s ]
NOTIC: [8] Use of undefined constant 培训 - assumed '培训' E:\wamp\www\qs_wx_xhjj\Application\Home\Conf\config.php 第 15 行.
INFO: [ app_begin ] --START--
INFO: Run Behavior\ReadHtmlCacheBehavior [ RunTime:0.000891s ]
INFO: [ app_begin ] --END-- [ RunTime:0.001037s ]
INFO: [ view_parse ] --START--
INFO: [ template_filter ] --START--
INFO: Run Behavior\ContentReplaceBehavior [ RunTime:0.000073s ]
INFO: [ template_filter ] --END-- [ RunTime:0.000197s ]
INFO: Run Behavior\ParseTemplateBehavior [ RunTime:0.020379s ]
INFO: [ view_parse ] --END-- [ RunTime:0.020604s ]
INFO: [ view_filter ] --START--
INFO: Run Behavior\WriteHtmlCacheBehavior [ RunTime:0.000692s ]
INFO: [ view_filter ] --END-- [ RunTime:0.000796s ]
INFO: [ app_end ] --START--
INFO: Run Behavior\ShowPageTraceBehavior [ RunTime:0.001429s ]
INFO: [ app_end ] --END-- [ RunTime:0.001538s ]

[ 2018-08-22T16:19:46+08:00 ] ::1 /index.php/Home/Notice/getNoticeDetail/id/109
INFO: [ app_init ] --START--
INFO: Run Behavior\BuildLiteBehavior [ RunTime:0.000026s ]
INFO: [ app_init ] --END-- [ RunTime:0.000546s ]
NOTIC: [8] Use of undefined constant 培训 - assumed '培训' E:\wamp\www\qs_wx_xhjj\Application\Home\Conf\config.php 第 15 行.
INFO: [ app_begin ] --START--
INFO: Run Behavior\ReadHtmlCacheBehavior [ RunTime:0.000939s ]
INFO: [ app_begin ] --END-- [ RunTime:0.001051s ]
SQL: SHOW COLUMNS FROM `qs_wx_xhjj_notice_info` [ RunTime:0.0093s ]
SQL: SELECT * FROM `qs_wx_xhjj_notice_info` WHERE ( id=109 ) LIMIT 1   [ RunTime:0.0076s ]
SQL: SHOW COLUMNS FROM `qs_wx_xhjj_sys_all_attach` [ RunTime:0.0084s ]
SQL: SELECT * FROM `qs_wx_xhjj_sys_all_attach` WHERE `module_name` = 'notice' AND `module_info_id` = '109' LIMIT 1   [ RunTime:0.0005s ]
SQL: UPDATE `qs_wx_xhjj_notice_info` SET `read_num`='2' WHERE ( id=109 ) [ RunTime:0.0006s ]
SQL: SHOW COLUMNS FROM `qs_wx_xhjj_sys_user_info` [ RunTime:0.0059s ]
SQL: SELECT * FROM `qs_wx_xhjj_sys_user_info` WHERE ( id=1 ) LIMIT 1   [ RunTime:0.0006s ]

[ 2018-08-22T16:19:50+08:00 ] ::1 /index.php/Home/Notice/getList
INFO: [ app_init ] --START--
INFO: Run Behavior\BuildLiteBehavior [ RunTime:0.000028s ]
INFO: [ app_init ] --END-- [ RunTime:0.000608s ]
NOTIC: [8] Use of undefined constant 培训 - assumed '培训' E:\wamp\www\qs_wx_xhjj\Application\Home\Conf\config.php 第 15 行.
INFO: [ app_begin ] --START--
INFO: Run Behavior\ReadHtmlCacheBehavior [ RunTime:0.000902s ]
INFO: [ app_begin ] --END-- [ RunTime:0.001015s ]
SQL: SHOW COLUMNS FROM `qs_wx_xhjj_notice_info` [ RunTime:0.0088s ]
SQL: SELECT * FROM `qs_wx_xhjj_notice_info` WHERE ( is_publish=1 and cat_id=7 ) ORDER BY id desc LIMIT 7   [ RunTime:0.0044s ]
SQL: SELECT COUNT(*) AS tp_count FROM `qs_wx_xhjj_notice_info` WHERE ( is_publish=1 and cat_id=7 ) LIMIT 1   [ RunTime:0.0007s ]
NOTIC: [8] Undefined variable: keyword E:\wamp\www\qs_wx_xhjj\Application\Home\Controller\NoticeController.class.php 第 60 行.
NOTIC: [8] Undefined variable: keyword E:\wamp\www\qs_wx_xhjj\Application\Home\Controller\NoticeController.class.php 第 60 行.
SQL: SHOW COLUMNS FROM `qs_wx_xhjj_notice_cat` [ RunTime:0.0069s ]
SQL: SELECT * FROM `qs_wx_xhjj_notice_cat` WHERE ( id=7 ) LIMIT 1   [ RunTime:0.0010s ]
SQL: SHOW COLUMNS FROM `qs_wx_xhjj_sys_all_attach` [ RunTime:0.0073s ]
SQL: SELECT * FROM `qs_wx_xhjj_sys_all_attach` WHERE `module_name` = 'notice' AND `module_info_id` = '109' LIMIT 1   [ RunTime:0.0019s ]
NOTIC: [8] Undefined variable: user_id E:\wamp\www\qs_wx_xhjj\Application\Home\Controller\NoticeController.class.php 第 65 行.
NOTIC: [8] Undefined variable: notReadCount E:\wamp\www\qs_wx_xhjj\Application\Home\Controller\NoticeController.class.php 第 66 行.
NOTIC: [8] Undefined variable: keyword E:\wamp\www\qs_wx_xhjj\Application\Home\Controller\NoticeController.class.php 第 60 行.
NOTIC: [8] Undefined variable: keyword E:\wamp\www\qs_wx_xhjj\Application\Home\Controller\NoticeController.class.php 第 60 行.
SQL: SELECT * FROM `qs_wx_xhjj_notice_cat` WHERE ( id=7 ) LIMIT 1   [ RunTime:0.0023s ]
SQL: SELECT * FROM `qs_wx_xhjj_sys_all_attach` WHERE `module_name` = 'notice' AND `module_info_id` = '108' LIMIT 1   [ RunTime:0.0021s ]
NOTIC: [8] Undefined variable: user_id E:\wamp\www\qs_wx_xhjj\Application\Home\Controller\NoticeController.class.php 第 65 行.
NOTIC: [8] Undefined variable: notReadCount E:\wamp\www\qs_wx_xhjj\Application\Home\Controller\NoticeController.class.php 第 66 行.
NOTIC: [8] Undefined variable: keyword E:\wamp\www\qs_wx_xhjj\Application\Home\Controller\NoticeController.class.php 第 60 行.
NOTIC: [8] Undefined variable: keyword E:\wamp\www\qs_wx_xhjj\Application\Home\Controller\NoticeController.class.php 第 60 行.
SQL: SELECT * FROM `qs_wx_xhjj_notice_cat` WHERE ( id=7 ) LIMIT 1   [ RunTime:0.0021s ]
SQL: SELECT * FROM `qs_wx_xhjj_sys_all_attach` WHERE `module_name` = 'notice' AND `module_info_id` = '107' LIMIT 1   [ RunTime:0.0021s ]
NOTIC: [8] Undefined variable: user_id E:\wamp\www\qs_wx_xhjj\Application\Home\Controller\NoticeController.class.php 第 65 行.
NOTIC: [8] Undefined variable: notReadCount E:\wamp\www\qs_wx_xhjj\Application\Home\Controller\NoticeController.class.php 第 66 行.
NOTIC: [8] Undefined variable: keyword E:\wamp\www\qs_wx_xhjj\Application\Home\Controller\NoticeController.class.php 第 60 行.
NOTIC: [8] Undefined variable: keyword E:\wamp\www\qs_wx_xhjj\Application\Home\Controller\NoticeController.class.php 第 60 行.
SQL: SELECT * FROM `qs_wx_xhjj_notice_cat` WHERE ( id=7 ) LIMIT 1   [ RunTime:0.0020s ]
SQL: SELECT * FROM `qs_wx_xhjj_sys_all_attach` WHERE `module_name` = 'notice' AND `module_info_id` = '106' LIMIT 1   [ RunTime:0.0023s ]
NOTIC: [8] Undefined variable: user_id E:\wamp\www\qs_wx_xhjj\Application\Home\Controller\NoticeController.class.php 第 65 行.
NOTIC: [8] Undefined variable: notReadCount E:\wamp\www\qs_wx_xhjj\Application\Home\Controller\NoticeController.class.php 第 66 行.
NOTIC: [8] Undefined variable: keyword E:\wamp\www\qs_wx_xhjj\Application\Home\Controller\NoticeController.class.php 第 60 行.
NOTIC: [8] Undefined variable: keyword E:\wamp\www\qs_wx_xhjj\Application\Home\Controller\NoticeController.class.php 第 60 行.
SQL: SELECT * FROM `qs_wx_xhjj_notice_cat` WHERE ( id=7 ) LIMIT 1   [ RunTime:0.0022s ]
SQL: SELECT * FROM `qs_wx_xhjj_sys_all_attach` WHERE `module_name` = 'notice' AND `module_info_id` = '105' LIMIT 1   [ RunTime:0.0024s ]
NOTIC: [8] Undefined variable: user_id E:\wamp\www\qs_wx_xhjj\Application\Home\Controller\NoticeController.class.php 第 65 行.
NOTIC: [8] Undefined variable: notReadCount E:\wamp\www\qs_wx_xhjj\Application\Home\Controller\NoticeController.class.php 第 66 行.
NOTIC: [8] Undefined variable: keyword E:\wamp\www\qs_wx_xhjj\Application\Home\Controller\NoticeController.class.php 第 60 行.
NOTIC: [8] Undefined variable: keyword E:\wamp\www\qs_wx_xhjj\Application\Home\Controller\NoticeController.class.php 第 60 行.
SQL: SELECT * FROM `qs_wx_xhjj_notice_cat` WHERE ( id=7 ) LIMIT 1   [ RunTime:0.0028s ]
SQL: SELECT * FROM `qs_wx_xhjj_sys_all_attach` WHERE `module_name` = 'notice' AND `module_info_id` = '104' LIMIT 1   [ RunTime:0.0021s ]
NOTIC: [8] Undefined variable: user_id E:\wamp\www\qs_wx_xhjj\Application\Home\Controller\NoticeController.class.php 第 65 行.
NOTIC: [8] Undefined variable: notReadCount E:\wamp\www\qs_wx_xhjj\Application\Home\Controller\NoticeController.class.php 第 66 行.
NOTIC: [8] Undefined variable: keyword E:\wamp\www\qs_wx_xhjj\Application\Home\Controller\NoticeController.class.php 第 60 行.
NOTIC: [8] Undefined variable: keyword E:\wamp\www\qs_wx_xhjj\Application\Home\Controller\NoticeController.class.php 第 60 行.
SQL: SELECT * FROM `qs_wx_xhjj_notice_cat` WHERE ( id=7 ) LIMIT 1   [ RunTime:0.0021s ]
SQL: SELECT * FROM `qs_wx_xhjj_sys_all_attach` WHERE `module_name` = 'notice' AND `module_info_id` = '103' LIMIT 1   [ RunTime:0.0023s ]
NOTIC: [8] Undefined variable: user_id E:\wamp\www\qs_wx_xhjj\Application\Home\Controller\NoticeController.class.php 第 65 行.
NOTIC: [8] Undefined variable: notReadCount E:\wamp\www\qs_wx_xhjj\Application\Home\Controller\NoticeController.class.php 第 66 行.

[ 2018-08-22T16:19:52+08:00 ] ::1 /index.php/Home/Notice/getList
INFO: [ app_init ] --START--
INFO: Run Behavior\BuildLiteBehavior [ RunTime:0.000024s ]
INFO: [ app_init ] --END-- [ RunTime:0.000524s ]
NOTIC: [8] Use of undefined constant 培训 - assumed '培训' E:\wamp\www\qs_wx_xhjj\Application\Home\Conf\config.php 第 15 行.
INFO: [ app_begin ] --START--
INFO: Run Behavior\ReadHtmlCacheBehavior [ RunTime:0.001033s ]
INFO: [ app_begin ] --END-- [ RunTime:0.001147s ]
SQL: SHOW COLUMNS FROM `qs_wx_xhjj_notice_info` [ RunTime:0.0069s ]
SQL: SELECT * FROM `qs_wx_xhjj_notice_info` WHERE ( is_publish=1 and cat_id=7 ) ORDER BY id desc LIMIT 14   [ RunTime:0.0075s ]
SQL: SELECT COUNT(*) AS tp_count FROM `qs_wx_xhjj_notice_info` WHERE ( is_publish=1 and cat_id=7 ) LIMIT 1   [ RunTime:0.0009s ]
NOTIC: [8] Undefined variable: keyword E:\wamp\www\qs_wx_xhjj\Application\Home\Controller\NoticeController.class.php 第 60 行.
NOTIC: [8] Undefined variable: keyword E:\wamp\www\qs_wx_xhjj\Application\Home\Controller\NoticeController.class.php 第 60 行.
SQL: SHOW COLUMNS FROM `qs_wx_xhjj_notice_cat` [ RunTime:0.0065s ]
SQL: SELECT * FROM `qs_wx_xhjj_notice_cat` WHERE ( id=7 ) LIMIT 1   [ RunTime:0.0006s ]
SQL: SHOW COLUMNS FROM `qs_wx_xhjj_sys_all_attach` [ RunTime:0.0054s ]
SQL: SELECT * FROM `qs_wx_xhjj_sys_all_attach` WHERE `module_name` = 'notice' AND `module_info_id` = '109' LIMIT 1   [ RunTime:0.0006s ]
NOTIC: [8] Undefined variable: user_id E:\wamp\www\qs_wx_xhjj\Application\Home\Controller\NoticeController.class.php 第 65 行.
NOTIC: [8] Undefined variable: notReadCount E:\wamp\www\qs_wx_xhjj\Application\Home\Controller\NoticeController.class.php 第 66 行.
NOTIC: [8] Undefined variable: keyword E:\wamp\www\qs_wx_xhjj\Application\Home\Controller\NoticeController.class.php 第 60 行.
NOTIC: [8] Undefined variable: keyword E:\wamp\www\qs_wx_xhjj\Application\Home\Controller\NoticeController.class.php 第 60 行.
SQL: SELECT * FROM `qs_wx_xhjj_notice_cat` WHERE ( id=7 ) LIMIT 1   [ RunTime:0.0007s ]
SQL: SELECT * FROM `qs_wx_xhjj_sys_all_attach` WHERE `module_name` = 'notice' AND `module_info_id` = '108' LIMIT 1   [ RunTime:0.0006s ]
NOTIC: [8] Undefined variable: user_id E:\wamp\www\qs_wx_xhjj\Application\Home\Controller\NoticeController.class.php 第 65 行.
NOTIC: [8] Undefined variable: notReadCount E:\wamp\www\qs_wx_xhjj\Application\Home\Controller\NoticeController.class.php 第 66 行.
NOTIC: [8] Undefined variable: keyword E:\wamp\www\qs_wx_xhjj\Application\Home\Controller\NoticeController.class.php 第 60 行.
NOTIC: [8] Undefined variable: keyword E:\wamp\www\qs_wx_xhjj\Application\Home\Controller\NoticeController.class.php 第 60 行.
SQL: SELECT * FROM `qs_wx_xhjj_notice_cat` WHERE ( id=7 ) LIMIT 1   [ RunTime:0.0007s ]
SQL: SELECT * FROM `qs_wx_xhjj_sys_all_attach` WHERE `module_name` = 'notice' AND `module_info_id` = '107' LIMIT 1   [ RunTime:0.0005s ]
NOTIC: [8] Undefined variable: user_id E:\wamp\www\qs_wx_xhjj\Application\Home\Controller\NoticeController.class.php 第 65 行.
NOTIC: [8] Undefined variable: notReadCount E:\wamp\www\qs_wx_xhjj\Application\Home\Controller\NoticeController.class.php 第 66 行.
NOTIC: [8] Undefined variable: keyword E:\wamp\www\qs_wx_xhjj\Application\Home\Controller\NoticeController.class.php 第 60 行.
NOTIC: [8] Undefined variable: keyword E:\wamp\www\qs_wx_xhjj\Application\Home\Controller\NoticeController.class.php 第 60 行.
SQL: SELECT * FROM `qs_wx_xhjj_notice_cat` WHERE ( id=7 ) LIMIT 1   [ RunTime:0.0013s ]
SQL: SELECT * FROM `qs_wx_xhjj_sys_all_attach` WHERE `module_name` = 'notice' AND `module_info_id` = '106' LIMIT 1   [ RunTime:0.0018s ]
NOTIC: [8] Undefined variable: user_id E:\wamp\www\qs_wx_xhjj\Application\Home\Controller\NoticeController.class.php 第 65 行.
NOTIC: [8] Undefined variable: notReadCount E:\wamp\www\qs_wx_xhjj\Application\Home\Controller\NoticeController.class.php 第 66 行.
NOTIC: [8] Undefined variable: keyword E:\wamp\www\qs_wx_xhjj\Application\Home\Controller\NoticeController.class.php 第 60 行.
NOTIC: [8] Undefined variable: keyword E:\wamp\www\qs_wx_xhjj\Application\Home\Controller\NoticeController.class.php 第 60 行.
SQL: SELECT * FROM `qs_wx_xhjj_notice_cat` WHERE ( id=7 ) LIMIT 1   [ RunTime:0.0022s ]
SQL: SELECT * FROM `qs_wx_xhjj_sys_all_attach` WHERE `module_name` = 'notice' AND `module_info_id` = '105' LIMIT 1   [ RunTime:0.0018s ]
NOTIC: [8] Undefined variable: user_id E:\wamp\www\qs_wx_xhjj\Application\Home\Controller\NoticeController.class.php 第 65 行.
NOTIC: [8] Undefined variable: notReadCount E:\wamp\www\qs_wx_xhjj\Application\Home\Controller\NoticeController.class.php 第 66 行.
NOTIC: [8] Undefined variable: keyword E:\wamp\www\qs_wx_xhjj\Application\Home\Controller\NoticeController.class.php 第 60 行.
NOTIC: [8] Undefined variable: keyword E:\wamp\www\qs_wx_xhjj\Application\Home\Controller\NoticeController.class.php 第 60 行.
SQL: SELECT * FROM `qs_wx_xhjj_notice_cat` WHERE ( id=7 ) LIMIT 1   [ RunTime:0.0018s ]
SQL: SELECT * FROM `qs_wx_xhjj_sys_all_attach` WHERE `module_name` = 'notice' AND `module_info_id` = '104' LIMIT 1   [ RunTime:0.0029s ]
NOTIC: [8] Undefined variable: user_id E:\wamp\www\qs_wx_xhjj\Application\Home\Controller\NoticeController.class.php 第 65 行.
NOTIC: [8] Undefined variable: notReadCount E:\wamp\www\qs_wx_xhjj\Application\Home\Controller\NoticeController.class.php 第 66 行.
NOTIC: [8] Undefined variable: keyword E:\wamp\www\qs_wx_xhjj\Application\Home\Controller\NoticeController.class.php 第 60 行.
NOTIC: [8] Undefined variable: keyword E:\wamp\www\qs_wx_xhjj\Application\Home\Controller\NoticeController.class.php 第 60 行.
SQL: SELECT * FROM `qs_wx_xhjj_notice_cat` WHERE ( id=7 ) LIMIT 1   [ RunTime:0.0033s ]
SQL: SELECT * FROM `qs_wx_xhjj_sys_all_attach` WHERE `module_name` = 'notice' AND `module_info_id` = '103' LIMIT 1   [ RunTime:0.0014s ]
NOTIC: [8] Undefined variable: user_id E:\wamp\www\qs_wx_xhjj\Application\Home\Controller\NoticeController.class.php 第 65 行.
NOTIC: [8] Undefined variable: notReadCount E:\wamp\www\qs_wx_xhjj\Application\Home\Controller\NoticeController.class.php 第 66 行.
NOTIC: [8] Undefined variable: keyword E:\wamp\www\qs_wx_xhjj\Application\Home\Controller\NoticeController.class.php 第 60 行.
NOTIC: [8] Undefined variable: keyword E:\wamp\www\qs_wx_xhjj\Application\Home\Controller\NoticeController.class.php 第 60 行.
SQL: SELECT * FROM `qs_wx_xhjj_notice_cat` WHERE ( id=7 ) LIMIT 1   [ RunTime:0.0024s ]
SQL: SELECT * FROM `qs_wx_xhjj_sys_all_attach` WHERE `module_name` = 'notice' AND `module_info_id` = '102' LIMIT 1   [ RunTime:0.0007s ]
NOTIC: [8] Undefined variable: user_id E:\wamp\www\qs_wx_xhjj\Application\Home\Controller\NoticeController.class.php 第 65 行.
NOTIC: [8] Undefined variable: notReadCount E:\wamp\www\qs_wx_xhjj\Application\Home\Controller\NoticeController.class.php 第 66 行.
NOTIC: [8] Undefined variable: keyword E:\wamp\www\qs_wx_xhjj\Application\Home\Controller\NoticeController.class.php 第 60 行.
NOTIC: [8] Undefined variable: keyword E:\wamp\www\qs_wx_xhjj\Application\Home\Controller\NoticeController.class.php 第 60 行.
SQL: SELECT * FROM `qs_wx_xhjj_notice_cat` WHERE ( id=7 ) LIMIT 1   [ RunTime:0.0006s ]
SQL: SELECT * FROM `qs_wx_xhjj_sys_all_attach` WHERE `module_name` = 'notice' AND `module_info_id` = '101' LIMIT 1   [ RunTime:0.0005s ]
NOTIC: [8] Undefined variable: user_id E:\wamp\www\qs_wx_xhjj\Application\Home\Controller\NoticeController.class.php 第 65 行.
NOTIC: [8] Undefined variable: notReadCount E:\wamp\www\qs_wx_xhjj\Application\Home\Controller\NoticeController.class.php 第 66 行.
NOTIC: [8] Undefined variable: keyword E:\wamp\www\qs_wx_xhjj\Application\Home\Controller\NoticeController.class.php 第 60 行.
NOTIC: [8] Undefined variable: keyword E:\wamp\www\qs_wx_xhjj\Application\Home\Controller\NoticeController.class.php 第 60 行.
SQL: SELECT * FROM `qs_wx_xhjj_notice_cat` WHERE ( id=7 ) LIMIT 1   [ RunTime:0.0005s ]
SQL: SELECT * FROM `qs_wx_xhjj_sys_all_attach` WHERE `module_name` = 'notice' AND `module_info_id` = '100' LIMIT 1   [ RunTime:0.0005s ]
NOTIC: [8] Undefined variable: user_id E:\wamp\www\qs_wx_xhjj\Application\Home\Controller\NoticeController.class.php 第 65 行.
NOTIC: [8] Undefined variable: notReadCount E:\wamp\www\qs_wx_xhjj\Application\Home\Controller\NoticeController.class.php 第 66 行.
NOTIC: [8] Undefined variable: keyword E:\wamp\www\qs_wx_xhjj\Application\Home\Controller\NoticeController.class.php 第 60 行.
NOTIC: [8] Undefined variable: keyword E:\wamp\www\qs_wx_xhjj\Application\Home\Controller\NoticeController.class.php 第 60 行.
SQL: SELECT * FROM `qs_wx_xhjj_notice_cat` WHERE ( id=7 ) LIMIT 1   [ RunTime:0.0014s ]
SQL: SELECT * FROM `qs_wx_xhjj_sys_all_attach` WHERE `module_name` = 'notice' AND `module_info_id` = '99' LIMIT 1   [ RunTime:0.0045s ]
NOTIC: [8] Undefined variable: user_id E:\wamp\www\qs_wx_xhjj\Application\Home\Controller\NoticeController.class.php 第 65 行.
NOTIC: [8] Undefined variable: notReadCount E:\wamp\www\qs_wx_xhjj\Application\Home\Controller\NoticeController.class.php 第 66 行.
NOTIC: [8] Undefined variable: keyword E:\wamp\www\qs_wx_xhjj\Application\Home\Controller\NoticeController.class.php 第 60 行.
NOTIC: [8] Undefined variable: keyword E:\wamp\www\qs_wx_xhjj\Application\Home\Controller\NoticeController.class.php 第 60 行.
SQL: SELECT * FROM `qs_wx_xhjj_notice_cat` WHERE ( id=7 ) LIMIT 1   [ RunTime:0.0022s ]
SQL: SELECT * FROM `qs_wx_xhjj_sys_all_attach` WHERE `module_name` = 'notice' AND `module_info_id` = '98' LIMIT 1   [ RunTime:0.0022s ]
NOTIC: [8] Undefined variable: user_id E:\wamp\www\qs_wx_xhjj\Application\Home\Controller\NoticeController.class.php 第 65 行.
NOTIC: [8] Undefined variable: notReadCount E:\wamp\www\qs_wx_xhjj\Application\Home\Controller\NoticeController.class.php 第 66 行.
NOTIC: [8] Undefined variable: keyword E:\wamp\www\qs_wx_xhjj\Application\Home\Controller\NoticeController.class.php 第 60 行.
NOTIC: [8] Undefined variable: keyword E:\wamp\www\qs_wx_xhjj\Application\Home\Controller\NoticeController.class.php 第 60 行.
SQL: SELECT * FROM `qs_wx_xhjj_notice_cat` WHERE ( id=7 ) LIMIT 1   [ RunTime:0.0021s ]
SQL: SELECT * FROM `qs_wx_xhjj_sys_all_attach` WHERE `module_name` = 'notice' AND `module_info_id` = '97' LIMIT 1   [ RunTime:0.0018s ]
NOTIC: [8] Undefined variable: user_id E:\wamp\www\qs_wx_xhjj\Application\Home\Controller\NoticeController.class.php 第 65 行.
NOTIC: [8] Undefined variable: notReadCount E:\wamp\www\qs_wx_xhjj\Application\Home\Controller\NoticeController.class.php 第 66 行.
NOTIC: [8] Undefined variable: keyword E:\wamp\www\qs_wx_xhjj\Application\Home\Controller\NoticeController.class.php 第 60 行.
NOTIC: [8] Undefined variable: keyword E:\wamp\www\qs_wx_xhjj\Application\Home\Controller\NoticeController.class.php 第 60 行.
SQL: SELECT * FROM `qs_wx_xhjj_notice_cat` WHERE ( id=7 ) LIMIT 1   [ RunTime:0.0029s ]
SQL: SELECT * FROM `qs_wx_xhjj_sys_all_attach` WHERE `module_name` = 'notice' AND `module_info_id` = '96' LIMIT 1   [ RunTime:0.0028s ]
NOTIC: [8] Undefined variable: user_id E:\wamp\www\qs_wx_xhjj\Application\Home\Controller\NoticeController.class.php 第 65 行.
NOTIC: [8] Undefined variable: notReadCount E:\wamp\www\qs_wx_xhjj\Application\Home\Controller\NoticeController.class.php 第 66 行.

[ 2018-08-22T16:19:55+08:00 ] ::1 /index.php/Home/Notice/notice_wxdetail.html?id=108&cat_id=7
INFO: [ app_init ] --START--
INFO: Run Behavior\BuildLiteBehavior [ RunTime:0.000026s ]
INFO: [ app_init ] --END-- [ RunTime:0.000537s ]
NOTIC: [8] Use of undefined constant 培训 - assumed '培训' E:\wamp\www\qs_wx_xhjj\Application\Home\Conf\config.php 第 15 行.
INFO: [ app_begin ] --START--
INFO: Run Behavior\ReadHtmlCacheBehavior [ RunTime:0.000813s ]
INFO: [ app_begin ] --END-- [ RunTime:0.000920s ]
INFO: [ view_parse ] --START--
INFO: [ template_filter ] --START--
INFO: Run Behavior\ContentReplaceBehavior [ RunTime:0.000069s ]
INFO: [ template_filter ] --END-- [ RunTime:0.000185s ]
INFO: Run Behavior\ParseTemplateBehavior [ RunTime:0.008583s ]
INFO: [ view_parse ] --END-- [ RunTime:0.008692s ]
INFO: [ view_filter ] --START--
INFO: Run Behavior\WriteHtmlCacheBehavior [ RunTime:0.000655s ]
INFO: [ view_filter ] --END-- [ RunTime:0.000754s ]
INFO: [ app_end ] --START--
INFO: Run Behavior\ShowPageTraceBehavior [ RunTime:0.000898s ]
INFO: [ app_end ] --END-- [ RunTime:0.001000s ]

[ 2018-08-22T16:19:55+08:00 ] ::1 /index.php/Home/Notice/getNoticeDetail/id/108
INFO: [ app_init ] --START--
INFO: Run Behavior\BuildLiteBehavior [ RunTime:0.000027s ]
INFO: [ app_init ] --END-- [ RunTime:0.000591s ]
NOTIC: [8] Use of undefined constant 培训 - assumed '培训' E:\wamp\www\qs_wx_xhjj\Application\Home\Conf\config.php 第 15 行.
INFO: [ app_begin ] --START--
INFO: Run Behavior\ReadHtmlCacheBehavior [ RunTime:0.000895s ]
INFO: [ app_begin ] --END-- [ RunTime:0.001008s ]
SQL: SHOW COLUMNS FROM `qs_wx_xhjj_notice_info` [ RunTime:0.0070s ]
SQL: SELECT * FROM `qs_wx_xhjj_notice_info` WHERE ( id=108 ) LIMIT 1   [ RunTime:0.0009s ]
SQL: SHOW COLUMNS FROM `qs_wx_xhjj_sys_all_attach` [ RunTime:0.0055s ]
SQL: SELECT * FROM `qs_wx_xhjj_sys_all_attach` WHERE `module_name` = 'notice' AND `module_info_id` = '108' LIMIT 1   [ RunTime:0.0005s ]
SQL: UPDATE `qs_wx_xhjj_notice_info` SET `read_num`='1' WHERE ( id=108 ) [ RunTime:0.0005s ]
SQL: SHOW COLUMNS FROM `qs_wx_xhjj_sys_user_info` [ RunTime:0.0056s ]
SQL: SELECT * FROM `qs_wx_xhjj_sys_user_info` WHERE ( id=1 ) LIMIT 1   [ RunTime:0.0006s ]

[ 2018-08-22T16:19:57+08:00 ] ::1 /index.php/Home/Notice/getList
INFO: [ app_init ] --START--
INFO: Run Behavior\BuildLiteBehavior [ RunTime:0.000027s ]
INFO: [ app_init ] --END-- [ RunTime:0.000710s ]
NOTIC: [8] Use of undefined constant 培训 - assumed '培训' E:\wamp\www\qs_wx_xhjj\Application\Home\Conf\config.php 第 15 行.
INFO: [ app_begin ] --START--
INFO: Run Behavior\ReadHtmlCacheBehavior [ RunTime:0.000962s ]
INFO: [ app_begin ] --END-- [ RunTime:0.001102s ]
SQL: SHOW COLUMNS FROM `qs_wx_xhjj_notice_info` [ RunTime:0.0088s ]
SQL: SELECT * FROM `qs_wx_xhjj_notice_info` WHERE ( is_publish=1 and cat_id=7 ) ORDER BY id desc LIMIT 7   [ RunTime:0.0043s ]
SQL: SELECT COUNT(*) AS tp_count FROM `qs_wx_xhjj_notice_info` WHERE ( is_publish=1 and cat_id=7 ) LIMIT 1   [ RunTime:0.0006s ]
NOTIC: [8] Undefined variable: keyword E:\wamp\www\qs_wx_xhjj\Application\Home\Controller\NoticeController.class.php 第 60 行.
NOTIC: [8] Undefined variable: keyword E:\wamp\www\qs_wx_xhjj\Application\Home\Controller\NoticeController.class.php 第 60 行.
SQL: SHOW COLUMNS FROM `qs_wx_xhjj_notice_cat` [ RunTime:0.0056s ]
SQL: SELECT * FROM `qs_wx_xhjj_notice_cat` WHERE ( id=7 ) LIMIT 1   [ RunTime:0.0006s ]
SQL: SHOW COLUMNS FROM `qs_wx_xhjj_sys_all_attach` [ RunTime:0.0059s ]
SQL: SELECT * FROM `qs_wx_xhjj_sys_all_attach` WHERE `module_name` = 'notice' AND `module_info_id` = '109' LIMIT 1   [ RunTime:0.0007s ]
NOTIC: [8] Undefined variable: user_id E:\wamp\www\qs_wx_xhjj\Application\Home\Controller\NoticeController.class.php 第 65 行.
NOTIC: [8] Undefined variable: notReadCount E:\wamp\www\qs_wx_xhjj\Application\Home\Controller\NoticeController.class.php 第 66 行.
NOTIC: [8] Undefined variable: keyword E:\wamp\www\qs_wx_xhjj\Application\Home\Controller\NoticeController.class.php 第 60 行.
NOTIC: [8] Undefined variable: keyword E:\wamp\www\qs_wx_xhjj\Application\Home\Controller\NoticeController.class.php 第 60 行.
SQL: SELECT * FROM `qs_wx_xhjj_notice_cat` WHERE ( id=7 ) LIMIT 1   [ RunTime:0.0005s ]
SQL: SELECT * FROM `qs_wx_xhjj_sys_all_attach` WHERE `module_name` = 'notice' AND `module_info_id` = '108' LIMIT 1   [ RunTime:0.0005s ]
NOTIC: [8] Undefined variable: user_id E:\wamp\www\qs_wx_xhjj\Application\Home\Controller\NoticeController.class.php 第 65 行.
NOTIC: [8] Undefined variable: notReadCount E:\wamp\www\qs_wx_xhjj\Application\Home\Controller\NoticeController.class.php 第 66 行.
NOTIC: [8] Undefined variable: keyword E:\wamp\www\qs_wx_xhjj\Application\Home\Controller\NoticeController.class.php 第 60 行.
NOTIC: [8] Undefined variable: keyword E:\wamp\www\qs_wx_xhjj\Application\Home\Controller\NoticeController.class.php 第 60 行.
SQL: SELECT * FROM `qs_wx_xhjj_notice_cat` WHERE ( id=7 ) LIMIT 1   [ RunTime:0.0012s ]
SQL: SELECT * FROM `qs_wx_xhjj_sys_all_attach` WHERE `module_name` = 'notice' AND `module_info_id` = '107' LIMIT 1   [ RunTime:0.0023s ]
NOTIC: [8] Undefined variable: user_id E:\wamp\www\qs_wx_xhjj\Application\Home\Controller\NoticeController.class.php 第 65 行.
NOTIC: [8] Undefined variable: notReadCount E:\wamp\www\qs_wx_xhjj\Application\Home\Controller\NoticeController.class.php 第 66 行.
NOTIC: [8] Undefined variable: keyword E:\wamp\www\qs_wx_xhjj\Application\Home\Controller\NoticeController.class.php 第 60 行.
NOTIC: [8] Undefined variable: keyword E:\wamp\www\qs_wx_xhjj\Application\Home\Controller\NoticeController.class.php 第 60 行.
SQL: SELECT * FROM `qs_wx_xhjj_notice_cat` WHERE ( id=7 ) LIMIT 1   [ RunTime:0.0017s ]
SQL: SELECT * FROM `qs_wx_xhjj_sys_all_attach` WHERE `module_name` = 'notice' AND `module_info_id` = '106' LIMIT 1   [ RunTime:0.0018s ]
NOTIC: [8] Undefined variable: user_id E:\wamp\www\qs_wx_xhjj\Application\Home\Controller\NoticeController.class.php 第 65 行.
NOTIC: [8] Undefined variable: notReadCount E:\wamp\www\qs_wx_xhjj\Application\Home\Controller\NoticeController.class.php 第 66 行.
NOTIC: [8] Undefined variable: keyword E:\wamp\www\qs_wx_xhjj\Application\Home\Controller\NoticeController.class.php 第 60 行.
NOTIC: [8] Undefined variable: keyword E:\wamp\www\qs_wx_xhjj\Application\Home\Controller\NoticeController.class.php 第 60 行.
SQL: SELECT * FROM `qs_wx_xhjj_notice_cat` WHERE ( id=7 ) LIMIT 1   [ RunTime:0.0026s ]
SQL: SELECT * FROM `qs_wx_xhjj_sys_all_attach` WHERE `module_name` = 'notice' AND `module_info_id` = '105' LIMIT 1   [ RunTime:0.0021s ]
NOTIC: [8] Undefined variable: user_id E:\wamp\www\qs_wx_xhjj\Application\Home\Controller\NoticeController.class.php 第 65 行.
NOTIC: [8] Undefined variable: notReadCount E:\wamp\www\qs_wx_xhjj\Application\Home\Controller\NoticeController.class.php 第 66 行.
NOTIC: [8] Undefined variable: keyword E:\wamp\www\qs_wx_xhjj\Application\Home\Controller\NoticeController.class.php 第 60 行.
NOTIC: [8] Undefined variable: keyword E:\wamp\www\qs_wx_xhjj\Application\Home\Controller\NoticeController.class.php 第 60 行.
SQL: SELECT * FROM `qs_wx_xhjj_notice_cat` WHERE ( id=7 ) LIMIT 1   [ RunTime:0.0025s ]
SQL: SELECT * FROM `qs_wx_xhjj_sys_all_attach` WHERE `module_name` = 'notice' AND `module_info_id` = '104' LIMIT 1   [ RunTime:0.0024s ]
NOTIC: [8] Undefined variable: user_id E:\wamp\www\qs_wx_xhjj\Application\Home\Controller\NoticeController.class.php 第 65 行.
NOTIC: [8] Undefined variable: notReadCount E:\wamp\www\qs_wx_xhjj\Application\Home\Controller\NoticeController.class.php 第 66 行.
NOTIC: [8] Undefined variable: keyword E:\wamp\www\qs_wx_xhjj\Application\Home\Controller\NoticeController.class.php 第 60 行.
NOTIC: [8] Undefined variable: keyword E:\wamp\www\qs_wx_xhjj\Application\Home\Controller\NoticeController.class.php 第 60 行.
SQL: SELECT * FROM `qs_wx_xhjj_notice_cat` WHERE ( id=7 ) LIMIT 1   [ RunTime:0.0033s ]
SQL: SELECT * FROM `qs_wx_xhjj_sys_all_attach` WHERE `module_name` = 'notice' AND `module_info_id` = '103' LIMIT 1   [ RunTime:0.0020s ]
NOTIC: [8] Undefined variable: user_id E:\wamp\www\qs_wx_xhjj\Application\Home\Controller\NoticeController.class.php 第 65 行.
NOTIC: [8] Undefined variable: notReadCount E:\wamp\www\qs_wx_xhjj\Application\Home\Controller\NoticeController.class.php 第 66 行.

[ 2018-08-22T16:23:50+08:00 ] ::1 /index.php/Home/Notice/notice_wxdetail.html?id=109&cat_id=7
INFO: [ app_init ] --START--
INFO: Run Behavior\BuildLiteBehavior [ RunTime:0.000025s ]
INFO: [ app_init ] --END-- [ RunTime:0.000543s ]
NOTIC: [8] Use of undefined constant 培训 - assumed '培训' E:\wamp\www\qs_wx_xhjj\Application\Home\Conf\config.php 第 15 行.
INFO: [ app_begin ] --START--
INFO: Run Behavior\ReadHtmlCacheBehavior [ RunTime:0.001368s ]
INFO: [ app_begin ] --END-- [ RunTime:0.001495s ]
INFO: [ view_parse ] --START--
INFO: [ template_filter ] --START--
INFO: Run Behavior\ContentReplaceBehavior [ RunTime:0.000121s ]
INFO: [ template_filter ] --END-- [ RunTime:0.000259s ]
INFO: Run Behavior\ParseTemplateBehavior [ RunTime:0.009225s ]
INFO: [ view_parse ] --END-- [ RunTime:0.009341s ]
INFO: [ view_filter ] --START--
INFO: Run Behavior\WriteHtmlCacheBehavior [ RunTime:0.001105s ]
INFO: [ view_filter ] --END-- [ RunTime:0.001207s ]
INFO: [ app_end ] --START--
INFO: Run Behavior\ShowPageTraceBehavior [ RunTime:0.000924s ]
INFO: [ app_end ] --END-- [ RunTime:0.001035s ]

[ 2018-08-22T16:23:50+08:00 ] ::1 /index.php/Home/Notice/getNoticeDetail/id/109
INFO: [ app_init ] --START--
INFO: Run Behavior\BuildLiteBehavior [ RunTime:0.000027s ]
INFO: [ app_init ] --END-- [ RunTime:0.000549s ]
NOTIC: [8] Use of undefined constant 培训 - assumed '培训' E:\wamp\www\qs_wx_xhjj\Application\Home\Conf\config.php 第 15 行.
INFO: [ app_begin ] --START--
INFO: Run Behavior\ReadHtmlCacheBehavior [ RunTime:0.000911s ]
INFO: [ app_begin ] --END-- [ RunTime:0.001006s ]
SQL: SHOW COLUMNS FROM `qs_wx_xhjj_notice_info` [ RunTime:0.0092s ]
SQL: SELECT * FROM `qs_wx_xhjj_notice_info` WHERE ( id=109 ) LIMIT 1   [ RunTime:0.0021s ]
SQL: SHOW COLUMNS FROM `qs_wx_xhjj_sys_all_attach` [ RunTime:0.0098s ]
SQL: SELECT * FROM `qs_wx_xhjj_sys_all_attach` WHERE `module_name` = 'notice' AND `module_info_id` = '109' LIMIT 1   [ RunTime:0.0044s ]
SQL: UPDATE `qs_wx_xhjj_notice_info` SET `read_num`='3' WHERE ( id=109 ) [ RunTime:0.0044s ]
SQL: SHOW COLUMNS FROM `qs_wx_xhjj_sys_user_info` [ RunTime:0.0080s ]
SQL: SELECT * FROM `qs_wx_xhjj_sys_user_info` WHERE ( id=1 ) LIMIT 1   [ RunTime:0.0011s ]

