[ 2018-09-26T11:14:38+08:00 ] 192.168.1.22 /index.php/Admin/login/login.html
INFO: [ app_init ] --START--
INFO: Run Behavior\BuildLiteBehavior [ RunTime:0.000049s ]
INFO: [ app_init ] --END-- [ RunTime:0.001024s ]
INFO: [ app_begin ] --START--
INFO: Run Behavior\ReadHtmlCacheBehavior [ RunTime:0.000836s ]
INFO: [ app_begin ] --END-- [ RunTime:0.000993s ]
SQL: SHOW COLUMNS FROM `qs_wx_xhjj_sys_config_def` [ RunTime:0.1538s ]
SQL: SELECT * FROM `qs_wx_xhjj_sys_config_def`  [ RunTime:0.0009s ]
INFO: [ view_parse ] --START--
INFO: [ template_filter ] --START--
INFO: Run Behavior\ContentReplaceBehavior [ RunTime:0.000103s ]
INFO: [ template_filter ] --END-- [ RunTime:0.000206s ]
INFO: Run Behavior\ParseTemplateBehavior [ RunTime:0.013895s ]
INFO: [ view_parse ] --END-- [ RunTime:0.014029s ]
INFO: [ view_filter ] --START--
INFO: Run Behavior\WriteHtmlCacheBehavior [ RunTime:0.000499s ]
INFO: [ view_filter ] --END-- [ RunTime:0.000594s ]
INFO: [ app_end ] --START--
INFO: Run Behavior\ShowPageTraceBehavior [ RunTime:0.000592s ]
INFO: [ app_end ] --END-- [ RunTime:0.000713s ]

[ 2018-09-26T11:14:39+08:00 ] 192.168.1.22 /index.php/Admin/login/verify_c.html
INFO: [ app_init ] --START--
INFO: Run Behavior\BuildLiteBehavior [ RunTime:0.000059s ]
INFO: [ app_init ] --END-- [ RunTime:0.001019s ]
INFO: [ app_begin ] --START--
INFO: Run Behavior\ReadHtmlCacheBehavior [ RunTime:0.001268s ]
INFO: [ app_begin ] --END-- [ RunTime:0.001764s ]
SQL: SHOW COLUMNS FROM `qs_wx_xhjj_sys_config_def` [ RunTime:0.0116s ]
SQL: SELECT * FROM `qs_wx_xhjj_sys_config_def`  [ RunTime:0.0008s ]
INFO: [ app_end ] --START--
INFO: Run Behavior\ShowPageTraceBehavior [ RunTime:0.001918s ]
INFO: [ app_end ] --END-- [ RunTime:0.002396s ]

[ 2018-09-26T11:14:39+08:00 ] 192.168.1.22 /index.php/admin/login/checkIsLogin
INFO: [ app_init ] --START--
INFO: Run Behavior\BuildLiteBehavior [ RunTime:0.000027s ]
INFO: [ app_init ] --END-- [ RunTime:0.000527s ]
INFO: [ app_begin ] --START--
INFO: Run Behavior\ReadHtmlCacheBehavior [ RunTime:0.000703s ]
INFO: [ app_begin ] --END-- [ RunTime:0.000815s ]
SQL: SHOW COLUMNS FROM `qs_wx_xhjj_sys_config_def` [ RunTime:0.0083s ]
SQL: SELECT * FROM `qs_wx_xhjj_sys_config_def`  [ RunTime:0.0013s ]
NOTIC: [8] Undefined variable: return E:\wamp\www\qs_wx_xhjj\Application\Admin\Controller\LoginController.class.php 第 71 行.

[ 2018-09-26T11:14:39+08:00 ] 192.168.1.22 /index.php/admin/SysPrivInfo/getPriviledges
INFO: [ app_init ] --START--
INFO: Run Behavior\BuildLiteBehavior [ RunTime:0.000026s ]
INFO: [ app_init ] --END-- [ RunTime:0.000517s ]
INFO: [ app_begin ] --START--
INFO: Run Behavior\ReadHtmlCacheBehavior [ RunTime:0.000675s ]
INFO: [ app_begin ] --END-- [ RunTime:0.000793s ]
SQL: SHOW COLUMNS FROM `qs_wx_xhjj_sys_config_def` [ RunTime:0.0129s ]
SQL: SELECT * FROM `qs_wx_xhjj_sys_config_def`  [ RunTime:0.0009s ]
SQL: SHOW COLUMNS FROM `qs_wx_xhjj_sys_priv_cat` [ RunTime:0.0110s ]
SQL: SHOW COLUMNS FROM `qs_wx_xhjj_sys_priv_info` [ RunTime:0.0343s ]
NOTIC: [8] Undefined index: user_id E:\wamp\www\qs_wx_xhjj\Application\Admin\Controller\SysPrivInfoController.class.php 第 103 行.
INFO: [ app_end ] --START--
INFO: Run Behavior\ShowPageTraceBehavior [ RunTime:0.000696s ]
INFO: [ app_end ] --END-- [ RunTime:0.000819s ]

[ 2018-09-26T11:14:45+08:00 ] 192.168.1.22 /index.php/Admin/Login/findpwd
INFO: [ app_init ] --START--
INFO: Run Behavior\BuildLiteBehavior [ RunTime:0.000036s ]
INFO: [ app_init ] --END-- [ RunTime:0.000624s ]
INFO: [ app_begin ] --START--
INFO: Run Behavior\ReadHtmlCacheBehavior [ RunTime:0.000750s ]
INFO: [ app_begin ] --END-- [ RunTime:0.000931s ]
SQL: SHOW COLUMNS FROM `qs_wx_xhjj_sys_config_def` [ RunTime:0.0074s ]
SQL: SELECT * FROM `qs_wx_xhjj_sys_config_def`  [ RunTime:0.0009s ]
NOTIC: [2] Missing argument 1 for Think\Controller::assign(), called in E:\wamp\www\qs_wx_xhjj\Application\Admin\Controller\LoginController.class.php on line 90 and defined E:\wamp\www\qs_wx_xhjj\ThinkPHP\Library\Think\Controller.class.php 第 121 行.
NOTIC: [8] Undefined variable: name E:\wamp\www\qs_wx_xhjj\ThinkPHP\Library\Think\Controller.class.php 第 122 行.
INFO: [ view_parse ] --START--
INFO: [ template_filter ] --START--
INFO: Run Behavior\ContentReplaceBehavior [ RunTime:0.000071s ]
INFO: [ template_filter ] --END-- [ RunTime:0.000202s ]
INFO: Run Behavior\ParseTemplateBehavior [ RunTime:0.051774s ]
INFO: [ view_parse ] --END-- [ RunTime:0.052197s ]
INFO: [ view_filter ] --START--
INFO: Run Behavior\WriteHtmlCacheBehavior [ RunTime:0.000780s ]
INFO: [ view_filter ] --END-- [ RunTime:0.000893s ]
INFO: [ app_end ] --START--
INFO: Run Behavior\ShowPageTraceBehavior [ RunTime:0.000508s ]
INFO: [ app_end ] --END-- [ RunTime:0.000676s ]

[ 2018-09-26T11:14:45+08:00 ] 192.168.1.22 /index.php/admin/login/checkIsLogin
INFO: [ app_init ] --START--
INFO: Run Behavior\BuildLiteBehavior [ RunTime:0.000021s ]
INFO: [ app_init ] --END-- [ RunTime:0.000377s ]
INFO: [ app_begin ] --START--
INFO: Run Behavior\ReadHtmlCacheBehavior [ RunTime:0.000433s ]
INFO: [ app_begin ] --END-- [ RunTime:0.000523s ]
SQL: SHOW COLUMNS FROM `qs_wx_xhjj_sys_config_def` [ RunTime:0.0050s ]
SQL: SELECT * FROM `qs_wx_xhjj_sys_config_def`  [ RunTime:0.0007s ]
NOTIC: [8] Undefined variable: return E:\wamp\www\qs_wx_xhjj\Application\Admin\Controller\LoginController.class.php 第 71 行.

[ 2018-09-26T11:14:45+08:00 ] 192.168.1.22 /index.php/admin/SysPrivInfo/getPriviledges
INFO: [ app_init ] --START--
INFO: Run Behavior\BuildLiteBehavior [ RunTime:0.000023s ]
INFO: [ app_init ] --END-- [ RunTime:0.000508s ]
INFO: [ app_begin ] --START--
INFO: Run Behavior\ReadHtmlCacheBehavior [ RunTime:0.000564s ]
INFO: [ app_begin ] --END-- [ RunTime:0.000664s ]
SQL: SHOW COLUMNS FROM `qs_wx_xhjj_sys_config_def` [ RunTime:0.0439s ]
SQL: SELECT * FROM `qs_wx_xhjj_sys_config_def`  [ RunTime:0.0008s ]
SQL: SHOW COLUMNS FROM `qs_wx_xhjj_sys_priv_cat` [ RunTime:0.0405s ]
SQL: SHOW COLUMNS FROM `qs_wx_xhjj_sys_priv_info` [ RunTime:0.0054s ]
NOTIC: [8] Undefined index: user_id E:\wamp\www\qs_wx_xhjj\Application\Admin\Controller\SysPrivInfoController.class.php 第 103 行.
INFO: [ app_end ] --START--
INFO: Run Behavior\ShowPageTraceBehavior [ RunTime:0.000612s ]
INFO: [ app_end ] --END-- [ RunTime:0.000708s ]

[ 2018-09-26T11:14:54+08:00 ] 192.168.1.22 /index.php/Admin/Login/forget
INFO: [ app_init ] --START--
INFO: Run Behavior\BuildLiteBehavior [ RunTime:0.000045s ]
INFO: [ app_init ] --END-- [ RunTime:0.001111s ]
INFO: [ app_begin ] --START--
INFO: Run Behavior\ReadHtmlCacheBehavior [ RunTime:0.000799s ]
INFO: [ app_begin ] --END-- [ RunTime:0.000998s ]
SQL: SHOW COLUMNS FROM `qs_wx_xhjj_sys_config_def` [ RunTime:0.0086s ]
SQL: SELECT * FROM `qs_wx_xhjj_sys_config_def`  [ RunTime:0.0014s ]
SQL: SHOW COLUMNS FROM `qs_wx_xhjj_sys_user_info` [ RunTime:0.0577s ]

[ 2018-09-26T11:15:00+08:00 ] 192.168.1.22 /index.php/Admin/Login/forget
INFO: [ app_init ] --START--
INFO: Run Behavior\BuildLiteBehavior [ RunTime:0.000056s ]
INFO: [ app_init ] --END-- [ RunTime:0.000965s ]
INFO: [ app_begin ] --START--
INFO: Run Behavior\ReadHtmlCacheBehavior [ RunTime:0.001436s ]
INFO: [ app_begin ] --END-- [ RunTime:0.001703s ]
SQL: SHOW COLUMNS FROM `qs_wx_xhjj_sys_config_def` [ RunTime:0.0060s ]
SQL: SELECT * FROM `qs_wx_xhjj_sys_config_def`  [ RunTime:0.0010s ]
SQL: SHOW COLUMNS FROM `qs_wx_xhjj_sys_user_info` [ RunTime:0.0059s ]
SQL: SELECT * FROM `qs_wx_xhjj_sys_user_info` WHERE ( binary usr="gyr" and email="1178864514@qq.com" ) LIMIT 1   [ RunTime:0.0424s ]

[ 2018-09-26T11:15:08+08:00 ] 192.168.1.22 /index.php/Admin/Login/forget
INFO: [ app_init ] --START--
INFO: Run Behavior\BuildLiteBehavior [ RunTime:0.000056s ]
INFO: [ app_init ] --END-- [ RunTime:0.000971s ]
INFO: [ app_begin ] --START--
INFO: Run Behavior\ReadHtmlCacheBehavior [ RunTime:0.001008s ]
INFO: [ app_begin ] --END-- [ RunTime:0.001263s ]
SQL: SHOW COLUMNS FROM `qs_wx_xhjj_sys_config_def` [ RunTime:0.0045s ]
SQL: SELECT * FROM `qs_wx_xhjj_sys_config_def`  [ RunTime:0.0006s ]
SQL: SHOW COLUMNS FROM `qs_wx_xhjj_sys_user_info` [ RunTime:0.0045s ]
SQL: SELECT * FROM `qs_wx_xhjj_sys_user_info` WHERE ( binary usr="guoyanrui" and email="1178864514@qq.com" ) LIMIT 1   [ RunTime:0.0013s ]

[ 2018-09-26T11:15:14+08:00 ] 192.168.1.22 /index.php/Admin/Login/login
INFO: [ app_init ] --START--
INFO: Run Behavior\BuildLiteBehavior [ RunTime:0.000023s ]
INFO: [ app_init ] --END-- [ RunTime:0.000382s ]
INFO: [ app_begin ] --START--
INFO: Run Behavior\ReadHtmlCacheBehavior [ RunTime:0.000445s ]
INFO: [ app_begin ] --END-- [ RunTime:0.000610s ]
SQL: SHOW COLUMNS FROM `qs_wx_xhjj_sys_config_def` [ RunTime:0.0057s ]
SQL: SELECT * FROM `qs_wx_xhjj_sys_config_def`  [ RunTime:0.0010s ]
INFO: [ view_parse ] --START--
INFO: [ template_filter ] --START--
INFO: Run Behavior\ContentReplaceBehavior [ RunTime:0.000097s ]
INFO: [ template_filter ] --END-- [ RunTime:0.000215s ]
INFO: Run Behavior\ParseTemplateBehavior [ RunTime:0.008425s ]
INFO: [ view_parse ] --END-- [ RunTime:0.008631s ]
INFO: [ view_filter ] --START--
INFO: Run Behavior\WriteHtmlCacheBehavior [ RunTime:0.000561s ]
INFO: [ view_filter ] --END-- [ RunTime:0.000661s ]
INFO: [ app_end ] --START--
INFO: Run Behavior\ShowPageTraceBehavior [ RunTime:0.000465s ]
INFO: [ app_end ] --END-- [ RunTime:0.000588s ]

[ 2018-09-26T11:15:15+08:00 ] 192.168.1.22 /index.php/admin/login/checkIsLogin
INFO: [ app_init ] --START--
INFO: Run Behavior\BuildLiteBehavior [ RunTime:0.000023s ]
INFO: [ app_init ] --END-- [ RunTime:0.000441s ]
INFO: [ app_begin ] --START--
INFO: Run Behavior\ReadHtmlCacheBehavior [ RunTime:0.000427s ]
INFO: [ app_begin ] --END-- [ RunTime:0.000525s ]
SQL: SHOW COLUMNS FROM `qs_wx_xhjj_sys_config_def` [ RunTime:0.0054s ]
SQL: SELECT * FROM `qs_wx_xhjj_sys_config_def`  [ RunTime:0.0008s ]
NOTIC: [8] Undefined variable: return E:\wamp\www\qs_wx_xhjj\Application\Admin\Controller\LoginController.class.php 第 71 行.

[ 2018-09-26T11:15:15+08:00 ] 192.168.1.22 /index.php/admin/SysPrivInfo/getPriviledges
INFO: [ app_init ] --START--
INFO: Run Behavior\BuildLiteBehavior [ RunTime:0.000026s ]
INFO: [ app_init ] --END-- [ RunTime:0.000489s ]
INFO: [ app_begin ] --START--
INFO: Run Behavior\ReadHtmlCacheBehavior [ RunTime:0.000478s ]
INFO: [ app_begin ] --END-- [ RunTime:0.000588s ]
SQL: SHOW COLUMNS FROM `qs_wx_xhjj_sys_config_def` [ RunTime:0.0057s ]
SQL: SELECT * FROM `qs_wx_xhjj_sys_config_def`  [ RunTime:0.0010s ]
SQL: SHOW COLUMNS FROM `qs_wx_xhjj_sys_priv_cat` [ RunTime:0.0053s ]
SQL: SHOW COLUMNS FROM `qs_wx_xhjj_sys_priv_info` [ RunTime:0.0052s ]
NOTIC: [8] Undefined index: user_id E:\wamp\www\qs_wx_xhjj\Application\Admin\Controller\SysPrivInfoController.class.php 第 103 行.
INFO: [ app_end ] --START--
INFO: Run Behavior\ShowPageTraceBehavior [ RunTime:0.000542s ]
INFO: [ app_end ] --END-- [ RunTime:0.000644s ]

[ 2018-09-26T11:15:25+08:00 ] 192.168.1.22 /index.php/Admin/Login/loginSys
INFO: [ app_init ] --START--
INFO: Run Behavior\BuildLiteBehavior [ RunTime:0.000049s ]
INFO: [ app_init ] --END-- [ RunTime:0.000854s ]
INFO: [ app_begin ] --START--
INFO: Run Behavior\ReadHtmlCacheBehavior [ RunTime:0.000868s ]
INFO: [ app_begin ] --END-- [ RunTime:0.001067s ]
SQL: SHOW COLUMNS FROM `qs_wx_xhjj_sys_config_def` [ RunTime:0.0075s ]
SQL: SELECT * FROM `qs_wx_xhjj_sys_config_def`  [ RunTime:0.0007s ]
SQL: SHOW COLUMNS FROM `qs_wx_xhjj_sys_user_info` [ RunTime:0.0064s ]
SQL: SELECT * FROM `qs_wx_xhjj_sys_user_info` WHERE ( binary usr="super" and pwd="592d510020d3eacdc3d5c89e2e148f7467de3e82" ) LIMIT 1   [ RunTime:0.0197s ]
NOTIC: [2048] Declaration of Admin\Controller\SysUserInfoController::getData() should be compatible with Admin\Controller\BaseDBController::getData($model, $id) E:\wamp\www\qs_wx_xhjj\Application\Admin\Controller\SysUserInfoController.class.php 第 14 行.
SQL: SELECT * FROM `qs_wx_xhjj_sys_config_def`  [ RunTime:0.0013s ]
SQL: SHOW COLUMNS FROM `qs_wx_xhjj_sys_user_group` [ RunTime:0.0259s ]
SQL: SHOW COLUMNS FROM `qs_wx_xhjj_sys_user_info` [ RunTime:0.0106s ]
SQL: SHOW COLUMNS FROM `qs_wx_xhjj_sys_priv_cat` [ RunTime:0.0105s ]
SQL: SHOW COLUMNS FROM `qs_wx_xhjj_sys_priv_info` [ RunTime:0.0097s ]
SQL: SHOW COLUMNS FROM `qs_wx_xhjj_sys_user_group` [ RunTime:0.0089s ]
SQL: SELECT * FROM `qs_wx_xhjj_sys_user_group` WHERE ( id=5 ) LIMIT 1   [ RunTime:0.0404s ]
NOTIC: [8] Undefined index: HTTP_X_REAL_IP E:\wamp\www\qs_wx_xhjj\ThinkPHP\Common\functions.php 第 1477 行.
SQL: UPDATE `qs_wx_xhjj_sys_user_info` SET `last_ip`='192.168.1.22',`last_login_time`='2018-09-26 11:15:24' WHERE ( id=1 ) [ RunTime:0.0273s ]
SQL: SELECT * FROM `qs_wx_xhjj_sys_config_def`  [ RunTime:0.0011s ]
SQL: SHOW COLUMNS FROM `qs_wx_xhjj_sys_action_log` [ RunTime:0.0549s ]
SQL: INSERT INTO `qs_wx_xhjj_sys_action_log` (`c_name`,`a_name`,`action_info`,`user_name`,`ip`) VALUES ('login','loginSys','登录系统','管理员','192.168.1.22') [ RunTime:0.0314s ]

[ 2018-09-26T11:15:25+08:00 ] 192.168.1.22 /index.php/Admin/index/index
INFO: [ app_init ] --START--
INFO: Run Behavior\BuildLiteBehavior [ RunTime:0.000051s ]
INFO: [ app_init ] --END-- [ RunTime:0.000883s ]
INFO: [ app_begin ] --START--
INFO: Run Behavior\ReadHtmlCacheBehavior [ RunTime:0.000906s ]
INFO: [ app_begin ] --END-- [ RunTime:0.001143s ]
SQL: SHOW COLUMNS FROM `qs_wx_xhjj_sys_config_def` [ RunTime:0.0057s ]
SQL: SELECT * FROM `qs_wx_xhjj_sys_config_def`  [ RunTime:0.0008s ]
NOTIC: [8] Undefined index: sys_name E:\wamp\www\qs_wx_xhjj\Application\Admin\Controller\IndexController.class.php 第 34 行.
NOTIC: [8] Undefined index: sys_name E:\wamp\www\qs_wx_xhjj\Application\Admin\Controller\IndexController.class.php 第 34 行.
NOTIC: [8] Undefined index: sys_name E:\wamp\www\qs_wx_xhjj\Application\Admin\Controller\IndexController.class.php 第 40 行.
NOTIC: [8] Undefined index: sys_name E:\wamp\www\qs_wx_xhjj\Application\Admin\Controller\IndexController.class.php 第 40 行.
INFO: [ view_parse ] --START--
INFO: [ template_filter ] --START--
INFO: Run Behavior\ContentReplaceBehavior [ RunTime:0.000081s ]
INFO: [ template_filter ] --END-- [ RunTime:0.000185s ]
INFO: Run Behavior\ParseTemplateBehavior [ RunTime:0.052069s ]
INFO: [ view_parse ] --END-- [ RunTime:0.052228s ]
INFO: [ view_filter ] --START--
INFO: Run Behavior\WriteHtmlCacheBehavior [ RunTime:0.000445s ]
INFO: [ view_filter ] --END-- [ RunTime:0.000549s ]
INFO: [ app_end ] --START--
INFO: Run Behavior\ShowPageTraceBehavior [ RunTime:0.000542s ]
INFO: [ app_end ] --END-- [ RunTime:0.000660s ]

[ 2018-09-26T11:15:25+08:00 ] 192.168.1.22 /index.php/admin/login/checkIsLogin
INFO: [ app_init ] --START--
INFO: Run Behavior\BuildLiteBehavior [ RunTime:0.000031s ]
INFO: [ app_init ] --END-- [ RunTime:0.000562s ]
INFO: [ app_begin ] --START--
INFO: Run Behavior\ReadHtmlCacheBehavior [ RunTime:0.000576s ]
INFO: [ app_begin ] --END-- [ RunTime:0.000708s ]
SQL: SHOW COLUMNS FROM `qs_wx_xhjj_sys_config_def` [ RunTime:0.0063s ]
SQL: SELECT * FROM `qs_wx_xhjj_sys_config_def`  [ RunTime:0.0007s ]
NOTIC: [8] Use of undefined constant SYSTEM_TOKEN - assumed 'SYSTEM_TOKEN' E:\wamp\www\qs_wx_xhjj\Application\Admin\Controller\LoginController.class.php 第 50 行.

[ 2018-09-26T11:15:25+08:00 ] 192.168.1.22 /index.php/admin/SysPrivInfo/getPriviledges
INFO: [ app_init ] --START--
INFO: Run Behavior\BuildLiteBehavior [ RunTime:0.000035s ]
INFO: [ app_init ] --END-- [ RunTime:0.000556s ]
INFO: [ app_begin ] --START--
INFO: Run Behavior\ReadHtmlCacheBehavior [ RunTime:0.000577s ]
INFO: [ app_begin ] --END-- [ RunTime:0.000707s ]
SQL: SHOW COLUMNS FROM `qs_wx_xhjj_sys_config_def` [ RunTime:0.0057s ]
SQL: SELECT * FROM `qs_wx_xhjj_sys_config_def`  [ RunTime:0.0010s ]
SQL: SHOW COLUMNS FROM `qs_wx_xhjj_sys_priv_cat` [ RunTime:0.0055s ]
SQL: SHOW COLUMNS FROM `qs_wx_xhjj_sys_priv_info` [ RunTime:0.0057s ]
SQL: SHOW COLUMNS FROM `qs_wx_xhjj_sys_priv_info` [ RunTime:0.0059s ]
SQL: SELECT `pri_value` FROM `qs_wx_xhjj_sys_priv_info`  [ RunTime:0.0283s ]
SQL: SHOW COLUMNS FROM `qs_wx_xhjj_sys_user_info` [ RunTime:0.0053s ]
SQL: SELECT * FROM `qs_wx_xhjj_sys_user_info` WHERE ( id=1 ) LIMIT 1   [ RunTime:0.0014s ]
SQL: SHOW COLUMNS FROM `qs_wx_xhjj_sys_user_group` [ RunTime:0.0052s ]
SQL: SELECT * FROM `qs_wx_xhjj_sys_user_group` WHERE ( id=5 ) LIMIT 1   [ RunTime:0.0007s ]

[ 2018-09-26T11:15:25+08:00 ] 192.168.1.22 /index.php/Admin/index/main
INFO: [ app_init ] --START--
INFO: Run Behavior\BuildLiteBehavior [ RunTime:0.000037s ]
INFO: [ app_init ] --END-- [ RunTime:0.000564s ]
INFO: [ app_begin ] --START--
INFO: Run Behavior\ReadHtmlCacheBehavior [ RunTime:0.000582s ]
INFO: [ app_begin ] --END-- [ RunTime:0.000730s ]
SQL: SHOW COLUMNS FROM `qs_wx_xhjj_sys_config_def` [ RunTime:0.0055s ]
SQL: SELECT * FROM `qs_wx_xhjj_sys_config_def`  [ RunTime:0.0008s ]
SQL: SHOW COLUMNS FROM `qs_wx_xhjj_notice_info` [ RunTime:0.0322s ]
SQL: SELECT COUNT(*) AS tp_count FROM `qs_wx_xhjj_notice_info` WHERE ( is_publish=1 ) LIMIT 1   [ RunTime:0.0250s ]
SQL: SHOW COLUMNS FROM `qs_wx_xhjj_appt_learn_info` [ RunTime:0.0357s ]
SQL: SELECT COUNT(*) AS tp_count FROM `qs_wx_xhjj_appt_learn_info` WHERE ( is_publish=1 ) LIMIT 1   [ RunTime:0.0009s ]
SQL: SHOW COLUMNS FROM `qs_wx_xhjj_appt_visit_info` [ RunTime:0.0467s ]
SQL: SELECT sum(appt_num) as appt_sum FROM `qs_wx_xhjj_appt_visit_info`  [ RunTime:0.0007s ]
SQL: SHOW COLUMNS FROM `qs_wx_xhjj_appt_learn_order` [ RunTime:0.0534s ]
SQL: SELECT sum(appt_num) as appt_sum FROM `qs_wx_xhjj_appt_learn_order`  [ RunTime:0.0028s ]
SQL: SELECT * FROM `qs_wx_xhjj_appt_learn_info` WHERE ( is_publish=1 ) ORDER BY id desc LIMIT 10   [ RunTime:0.0025s ]
SQL: SHOW COLUMNS FROM `qs_wx_xhjj_notice_cat` [ RunTime:0.0363s ]
SQL: SELECT * FROM `qs_wx_xhjj_notice_cat` WHERE ( is_enable=1 )  [ RunTime:0.0025s ]
NOTIC: [8] Undefined variable: str E:\wamp\www\qs_wx_xhjj\Application\Admin\Controller\IndexController.class.php 第 77 行.
SQL: SELECT `id`,`title`,`add_time`,`cat_id`,`user_id`,`address_id` FROM `qs_wx_xhjj_notice_info` WHERE ( cat_id in (0,4,5,7,8,9,10,11) and is_publish=1 ) ORDER BY id desc LIMIT 10   [ RunTime:0.0029s ]
SQL: SHOW COLUMNS FROM `qs_wx_xhjj_sys_user_info` [ RunTime:0.0123s ]
SQL: SELECT * FROM `qs_wx_xhjj_sys_user_info` WHERE ( id=1 ) LIMIT 1   [ RunTime:0.0021s ]
SQL: SELECT * FROM `qs_wx_xhjj_notice_cat` WHERE ( id=10 ) LIMIT 1   [ RunTime:0.0019s ]
SQL: SELECT * FROM `qs_wx_xhjj_sys_user_info` WHERE ( id=95 ) LIMIT 1   [ RunTime:0.0018s ]
SQL: SELECT * FROM `qs_wx_xhjj_notice_cat` WHERE ( id=10 ) LIMIT 1   [ RunTime:0.0016s ]
SQL: SELECT * FROM `qs_wx_xhjj_sys_user_info` WHERE ( id=95 ) LIMIT 1   [ RunTime:0.0010s ]
SQL: SELECT * FROM `qs_wx_xhjj_notice_cat` WHERE ( id=10 ) LIMIT 1   [ RunTime:0.0009s ]
SQL: SELECT * FROM `qs_wx_xhjj_sys_user_info` WHERE ( id=95 ) LIMIT 1   [ RunTime:0.0010s ]
SQL: SELECT * FROM `qs_wx_xhjj_notice_cat` WHERE ( id=10 ) LIMIT 1   [ RunTime:0.0011s ]
SQL: SELECT * FROM `qs_wx_xhjj_sys_user_info` WHERE ( id=95 ) LIMIT 1   [ RunTime:0.0012s ]
SQL: SELECT * FROM `qs_wx_xhjj_notice_cat` WHERE ( id=10 ) LIMIT 1   [ RunTime:0.0010s ]
SQL: SELECT * FROM `qs_wx_xhjj_sys_user_info` WHERE ( id=1 ) LIMIT 1   [ RunTime:0.0010s ]
SQL: SELECT * FROM `qs_wx_xhjj_notice_cat` WHERE ( id=10 ) LIMIT 1   [ RunTime:0.0009s ]
SQL: SELECT * FROM `qs_wx_xhjj_sys_user_info` WHERE ( id=1 ) LIMIT 1   [ RunTime:0.0009s ]
SQL: SELECT * FROM `qs_wx_xhjj_notice_cat` WHERE ( id=10 ) LIMIT 1   [ RunTime:0.0008s ]
SQL: SELECT * FROM `qs_wx_xhjj_sys_user_info` WHERE ( id=95 ) LIMIT 1   [ RunTime:0.0009s ]
SQL: SELECT * FROM `qs_wx_xhjj_notice_cat` WHERE ( id=10 ) LIMIT 1   [ RunTime:0.0008s ]
SQL: SELECT * FROM `qs_wx_xhjj_sys_user_info` WHERE ( id=1 ) LIMIT 1   [ RunTime:0.0008s ]
SQL: SELECT * FROM `qs_wx_xhjj_notice_cat` WHERE ( id=10 ) LIMIT 1   [ RunTime:0.0010s ]
SQL: SELECT * FROM `qs_wx_xhjj_sys_user_info` WHERE ( id=1 ) LIMIT 1   [ RunTime:0.0009s ]
SQL: SELECT * FROM `qs_wx_xhjj_notice_cat` WHERE ( id=10 ) LIMIT 1   [ RunTime:0.0008s ]
INFO: [ view_parse ] --START--
INFO: [ template_filter ] --START--
INFO: Run Behavior\ContentReplaceBehavior [ RunTime:0.000121s ]
INFO: [ template_filter ] --END-- [ RunTime:0.000279s ]
INFO: Run Behavior\ParseTemplateBehavior [ RunTime:0.038668s ]
INFO: [ view_parse ] --END-- [ RunTime:0.038835s ]
INFO: [ view_filter ] --START--
INFO: Run Behavior\WriteHtmlCacheBehavior [ RunTime:0.000784s ]
INFO: [ view_filter ] --END-- [ RunTime:0.000936s ]
INFO: [ app_end ] --START--
INFO: Run Behavior\ShowPageTraceBehavior [ RunTime:0.001276s ]
INFO: [ app_end ] --END-- [ RunTime:0.001958s ]

[ 2018-09-26T11:15:25+08:00 ] 192.168.1.22 /index.php/Admin/Index/getTxNum
INFO: [ app_init ] --START--
INFO: Run Behavior\BuildLiteBehavior [ RunTime:0.000025s ]
INFO: [ app_init ] --END-- [ RunTime:0.000400s ]
INFO: [ app_begin ] --START--
INFO: Run Behavior\ReadHtmlCacheBehavior [ RunTime:0.000426s ]
INFO: [ app_begin ] --END-- [ RunTime:0.000534s ]
SQL: SHOW COLUMNS FROM `qs_wx_xhjj_sys_config_def` [ RunTime:0.0183s ]
SQL: SELECT * FROM `qs_wx_xhjj_sys_config_def`  [ RunTime:0.0008s ]
ERR: 1146:La table 'qs_wx_xhjj_db.qs_wx_xhjj_seller_info' n'existe pas
 [ SQL语句 ] : SHOW COLUMNS FROM `qs_wx_xhjj_seller_info`
ERR: 1146:La table 'qs_wx_xhjj_db.qs_wx_xhjj_seller_info' n'existe pas
 [ SQL语句 ] : SHOW COLUMNS FROM `qs_wx_xhjj_seller_info`

[ 2018-09-26T11:15:25+08:00 ] 192.168.1.22 /index.php/admin/login/checkIsLogin
INFO: [ app_init ] --START--
INFO: Run Behavior\BuildLiteBehavior [ RunTime:0.000023s ]
INFO: [ app_init ] --END-- [ RunTime:0.000455s ]
INFO: [ app_begin ] --START--
INFO: Run Behavior\ReadHtmlCacheBehavior [ RunTime:0.000435s ]
INFO: [ app_begin ] --END-- [ RunTime:0.000548s ]
SQL: SHOW COLUMNS FROM `qs_wx_xhjj_sys_config_def` [ RunTime:0.0050s ]
SQL: SELECT * FROM `qs_wx_xhjj_sys_config_def`  [ RunTime:0.0007s ]
NOTIC: [8] Use of undefined constant SYSTEM_TOKEN - assumed 'SYSTEM_TOKEN' E:\wamp\www\qs_wx_xhjj\Application\Admin\Controller\LoginController.class.php 第 50 行.

[ 2018-09-26T11:15:25+08:00 ] 192.168.1.22 /index.php/admin/SysPrivInfo/getPriviledges
INFO: [ app_init ] --START--
INFO: Run Behavior\BuildLiteBehavior [ RunTime:0.000023s ]
INFO: [ app_init ] --END-- [ RunTime:0.000456s ]
INFO: [ app_begin ] --START--
INFO: Run Behavior\ReadHtmlCacheBehavior [ RunTime:0.000412s ]
INFO: [ app_begin ] --END-- [ RunTime:0.000524s ]
SQL: SHOW COLUMNS FROM `qs_wx_xhjj_sys_config_def` [ RunTime:0.0054s ]
SQL: SELECT * FROM `qs_wx_xhjj_sys_config_def`  [ RunTime:0.0011s ]
SQL: SHOW COLUMNS FROM `qs_wx_xhjj_sys_priv_cat` [ RunTime:0.0055s ]
SQL: SHOW COLUMNS FROM `qs_wx_xhjj_sys_priv_info` [ RunTime:0.0057s ]
SQL: SHOW COLUMNS FROM `qs_wx_xhjj_sys_priv_info` [ RunTime:0.0053s ]
SQL: SELECT `pri_value` FROM `qs_wx_xhjj_sys_priv_info`  [ RunTime:0.0008s ]
SQL: SHOW COLUMNS FROM `qs_wx_xhjj_sys_user_info` [ RunTime:0.0054s ]
SQL: SELECT * FROM `qs_wx_xhjj_sys_user_info` WHERE ( id=1 ) LIMIT 1   [ RunTime:0.0008s ]
SQL: SHOW COLUMNS FROM `qs_wx_xhjj_sys_user_group` [ RunTime:0.0050s ]
SQL: SELECT * FROM `qs_wx_xhjj_sys_user_group` WHERE ( id=5 ) LIMIT 1   [ RunTime:0.0007s ]

[ 2018-09-26T11:15:26+08:00 ] 192.168.1.22 /index.php/Admin/Index/getTxNum
INFO: [ app_init ] --START--
INFO: Run Behavior\BuildLiteBehavior [ RunTime:0.000025s ]
INFO: [ app_init ] --END-- [ RunTime:0.000411s ]
INFO: [ app_begin ] --START--
INFO: Run Behavior\ReadHtmlCacheBehavior [ RunTime:0.000434s ]
INFO: [ app_begin ] --END-- [ RunTime:0.000535s ]
SQL: SHOW COLUMNS FROM `qs_wx_xhjj_sys_config_def` [ RunTime:0.0059s ]
SQL: SELECT * FROM `qs_wx_xhjj_sys_config_def`  [ RunTime:0.0009s ]
ERR: 1146:La table 'qs_wx_xhjj_db.qs_wx_xhjj_seller_info' n'existe pas
 [ SQL语句 ] : SHOW COLUMNS FROM `qs_wx_xhjj_seller_info`
ERR: 1146:La table 'qs_wx_xhjj_db.qs_wx_xhjj_seller_info' n'existe pas
 [ SQL语句 ] : SHOW COLUMNS FROM `qs_wx_xhjj_seller_info`

[ 2018-09-26T11:15:32+08:00 ] 192.168.1.22 /index.php/Admin/SysUserInfo/showList
INFO: [ app_init ] --START--
INFO: Run Behavior\BuildLiteBehavior [ RunTime:0.000028s ]
INFO: [ app_init ] --END-- [ RunTime:0.000618s ]
INFO: [ app_begin ] --START--
INFO: Run Behavior\ReadHtmlCacheBehavior [ RunTime:0.000600s ]
INFO: [ app_begin ] --END-- [ RunTime:0.000829s ]
NOTIC: [2048] Declaration of Admin\Controller\SysUserInfoController::getData() should be compatible with Admin\Controller\BaseDBController::getData($model, $id) E:\wamp\www\qs_wx_xhjj\Application\Admin\Controller\SysUserInfoController.class.php 第 14 行.
SQL: SHOW COLUMNS FROM `qs_wx_xhjj_sys_config_def` [ RunTime:0.0088s ]
SQL: SELECT * FROM `qs_wx_xhjj_sys_config_def`  [ RunTime:0.0015s ]
SQL: SHOW COLUMNS FROM `qs_wx_xhjj_sys_user_group` [ RunTime:0.0124s ]
SQL: SHOW COLUMNS FROM `qs_wx_xhjj_sys_user_info` [ RunTime:0.0081s ]
SQL: SHOW COLUMNS FROM `qs_wx_xhjj_sys_priv_cat` [ RunTime:0.0079s ]
SQL: SHOW COLUMNS FROM `qs_wx_xhjj_sys_priv_info` [ RunTime:0.0102s ]
NOTIC: [8] Undefined variable: where E:\wamp\www\qs_wx_xhjj\Application\Admin\Controller\SysUserInfoController.class.php 第 52 行.
NOTIC: [8] Undefined variable: pageCondition E:\wamp\www\qs_wx_xhjj\Application\Admin\Controller\SysUserInfoController.class.php 第 52 行.
SQL: SELECT COUNT(*) AS tp_count FROM `qs_wx_xhjj_sys_user_info` LIMIT 1   [ RunTime:0.0008s ]
NOTIC: [2] Invalid argument supplied for foreach() E:\wamp\www\qs_wx_xhjj\Application\Common\Common\function.php 第 119 行.
SQL: SELECT qs_wx_xhjj_sys_user_info.*,qs_wx_xhjj_sys_user_group.cat_name FROM `qs_wx_xhjj_sys_user_info` left join qs_wx_xhjj_sys_user_group on qs_wx_xhjj_sys_user_info.cat_id = qs_wx_xhjj_sys_user_group.id  ORDER BY id desc LIMIT 0,10   [ RunTime:0.0016s ]
INFO: [ view_parse ] --START--
INFO: [ template_filter ] --START--
INFO: Run Behavior\ContentReplaceBehavior [ RunTime:0.000076s ]
INFO: [ template_filter ] --END-- [ RunTime:0.000327s ]
INFO: Run Behavior\ParseTemplateBehavior [ RunTime:0.037581s ]
INFO: [ view_parse ] --END-- [ RunTime:0.037725s ]
INFO: [ view_filter ] --START--
INFO: Run Behavior\WriteHtmlCacheBehavior [ RunTime:0.000556s ]
INFO: [ view_filter ] --END-- [ RunTime:0.000667s ]
INFO: [ app_end ] --START--
INFO: Run Behavior\ShowPageTraceBehavior [ RunTime:0.000544s ]
INFO: [ app_end ] --END-- [ RunTime:0.000669s ]

[ 2018-09-26T11:15:32+08:00 ] 192.168.1.22 /index.php/admin/login/checkIsLogin
INFO: [ app_init ] --START--
INFO: Run Behavior\BuildLiteBehavior [ RunTime:0.000026s ]
INFO: [ app_init ] --END-- [ RunTime:0.000487s ]
INFO: [ app_begin ] --START--
INFO: Run Behavior\ReadHtmlCacheBehavior [ RunTime:0.000617s ]
INFO: [ app_begin ] --END-- [ RunTime:0.000716s ]
SQL: SHOW COLUMNS FROM `qs_wx_xhjj_sys_config_def` [ RunTime:0.0063s ]
SQL: SELECT * FROM `qs_wx_xhjj_sys_config_def`  [ RunTime:0.0009s ]
NOTIC: [8] Use of undefined constant SYSTEM_TOKEN - assumed 'SYSTEM_TOKEN' E:\wamp\www\qs_wx_xhjj\Application\Admin\Controller\LoginController.class.php 第 50 行.

[ 2018-09-26T11:15:32+08:00 ] 192.168.1.22 /index.php/admin/SysPrivInfo/getPriviledges
INFO: [ app_init ] --START--
INFO: Run Behavior\BuildLiteBehavior [ RunTime:0.000026s ]
INFO: [ app_init ] --END-- [ RunTime:0.001624s ]
INFO: [ app_begin ] --START--
INFO: Run Behavior\ReadHtmlCacheBehavior [ RunTime:0.000647s ]
INFO: [ app_begin ] --END-- [ RunTime:0.000767s ]
SQL: SHOW COLUMNS FROM `qs_wx_xhjj_sys_config_def` [ RunTime:0.0056s ]
SQL: SELECT * FROM `qs_wx_xhjj_sys_config_def`  [ RunTime:0.0018s ]
SQL: SHOW COLUMNS FROM `qs_wx_xhjj_sys_priv_cat` [ RunTime:0.0056s ]
SQL: SHOW COLUMNS FROM `qs_wx_xhjj_sys_priv_info` [ RunTime:0.0052s ]
SQL: SHOW COLUMNS FROM `qs_wx_xhjj_sys_priv_info` [ RunTime:0.0090s ]
SQL: SELECT `pri_value` FROM `qs_wx_xhjj_sys_priv_info`  [ RunTime:0.0008s ]
SQL: SHOW COLUMNS FROM `qs_wx_xhjj_sys_user_info` [ RunTime:0.0080s ]
SQL: SELECT * FROM `qs_wx_xhjj_sys_user_info` WHERE ( id=1 ) LIMIT 1   [ RunTime:0.0012s ]
SQL: SHOW COLUMNS FROM `qs_wx_xhjj_sys_user_group` [ RunTime:0.0053s ]
SQL: SELECT * FROM `qs_wx_xhjj_sys_user_group` WHERE ( id=5 ) LIMIT 1   [ RunTime:0.0009s ]

[ 2018-09-26T11:15:39+08:00 ] 192.168.1.22 /index.php/Admin/SysUserInfo/showList
INFO: [ app_init ] --START--
INFO: Run Behavior\BuildLiteBehavior [ RunTime:0.000043s ]
INFO: [ app_init ] --END-- [ RunTime:0.000770s ]
INFO: [ app_begin ] --START--
INFO: Run Behavior\ReadHtmlCacheBehavior [ RunTime:0.000795s ]
INFO: [ app_begin ] --END-- [ RunTime:0.001019s ]
NOTIC: [2048] Declaration of Admin\Controller\SysUserInfoController::getData() should be compatible with Admin\Controller\BaseDBController::getData($model, $id) E:\wamp\www\qs_wx_xhjj\Application\Admin\Controller\SysUserInfoController.class.php 第 14 行.
SQL: SHOW COLUMNS FROM `qs_wx_xhjj_sys_config_def` [ RunTime:0.0055s ]
SQL: SELECT * FROM `qs_wx_xhjj_sys_config_def`  [ RunTime:0.0009s ]
SQL: SHOW COLUMNS FROM `qs_wx_xhjj_sys_user_group` [ RunTime:0.0048s ]
SQL: SHOW COLUMNS FROM `qs_wx_xhjj_sys_user_info` [ RunTime:0.0053s ]
SQL: SHOW COLUMNS FROM `qs_wx_xhjj_sys_priv_cat` [ RunTime:0.0050s ]
SQL: SHOW COLUMNS FROM `qs_wx_xhjj_sys_priv_info` [ RunTime:0.0051s ]
NOTIC: [8] Undefined variable: where E:\wamp\www\qs_wx_xhjj\Application\Admin\Controller\SysUserInfoController.class.php 第 52 行.
NOTIC: [8] Undefined variable: pageCondition E:\wamp\www\qs_wx_xhjj\Application\Admin\Controller\SysUserInfoController.class.php 第 52 行.
SQL: SELECT COUNT(*) AS tp_count FROM `qs_wx_xhjj_sys_user_info` LIMIT 1   [ RunTime:0.0007s ]
NOTIC: [2] Invalid argument supplied for foreach() E:\wamp\www\qs_wx_xhjj\Application\Common\Common\function.php 第 119 行.
SQL: SELECT qs_wx_xhjj_sys_user_info.*,qs_wx_xhjj_sys_user_group.cat_name FROM `qs_wx_xhjj_sys_user_info` left join qs_wx_xhjj_sys_user_group on qs_wx_xhjj_sys_user_info.cat_id = qs_wx_xhjj_sys_user_group.id  ORDER BY id desc LIMIT 0,10   [ RunTime:0.0008s ]
INFO: [ view_parse ] --START--
INFO: [ template_filter ] --START--
INFO: Run Behavior\ContentReplaceBehavior [ RunTime:0.000079s ]
INFO: [ template_filter ] --END-- [ RunTime:0.000191s ]
INFO: Run Behavior\ParseTemplateBehavior [ RunTime:0.010109s ]
INFO: [ view_parse ] --END-- [ RunTime:0.010233s ]
INFO: [ view_filter ] --START--
INFO: Run Behavior\WriteHtmlCacheBehavior [ RunTime:0.000583s ]
INFO: [ view_filter ] --END-- [ RunTime:0.000691s ]
INFO: [ app_end ] --START--
INFO: Run Behavior\ShowPageTraceBehavior [ RunTime:0.000708s ]
INFO: [ app_end ] --END-- [ RunTime:0.000826s ]

[ 2018-09-26T11:15:39+08:00 ] 192.168.1.22 /index.php/admin/login/checkIsLogin
INFO: [ app_init ] --START--
INFO: Run Behavior\BuildLiteBehavior [ RunTime:0.000024s ]
INFO: [ app_init ] --END-- [ RunTime:0.000391s ]
INFO: [ app_begin ] --START--
INFO: Run Behavior\ReadHtmlCacheBehavior [ RunTime:0.000438s ]
INFO: [ app_begin ] --END-- [ RunTime:0.000538s ]
SQL: SHOW COLUMNS FROM `qs_wx_xhjj_sys_config_def` [ RunTime:0.0050s ]
SQL: SELECT * FROM `qs_wx_xhjj_sys_config_def`  [ RunTime:0.0008s ]
NOTIC: [8] Use of undefined constant SYSTEM_TOKEN - assumed 'SYSTEM_TOKEN' E:\wamp\www\qs_wx_xhjj\Application\Admin\Controller\LoginController.class.php 第 50 行.

[ 2018-09-26T11:15:39+08:00 ] 192.168.1.22 /index.php/admin/SysPrivInfo/getPriviledges
INFO: [ app_init ] --START--
INFO: Run Behavior\BuildLiteBehavior [ RunTime:0.000042s ]
INFO: [ app_init ] --END-- [ RunTime:0.000660s ]
INFO: [ app_begin ] --START--
INFO: Run Behavior\ReadHtmlCacheBehavior [ RunTime:0.000470s ]
INFO: [ app_begin ] --END-- [ RunTime:0.000562s ]
SQL: SHOW COLUMNS FROM `qs_wx_xhjj_sys_config_def` [ RunTime:0.0051s ]
SQL: SELECT * FROM `qs_wx_xhjj_sys_config_def`  [ RunTime:0.0008s ]
SQL: SHOW COLUMNS FROM `qs_wx_xhjj_sys_priv_cat` [ RunTime:0.0052s ]
SQL: SHOW COLUMNS FROM `qs_wx_xhjj_sys_priv_info` [ RunTime:0.0052s ]
SQL: SHOW COLUMNS FROM `qs_wx_xhjj_sys_priv_info` [ RunTime:0.0048s ]
SQL: SELECT `pri_value` FROM `qs_wx_xhjj_sys_priv_info`  [ RunTime:0.0007s ]
SQL: SHOW COLUMNS FROM `qs_wx_xhjj_sys_user_info` [ RunTime:0.0049s ]
SQL: SELECT * FROM `qs_wx_xhjj_sys_user_info` WHERE ( id=1 ) LIMIT 1   [ RunTime:0.0011s ]
SQL: SHOW COLUMNS FROM `qs_wx_xhjj_sys_user_group` [ RunTime:0.0062s ]
SQL: SELECT * FROM `qs_wx_xhjj_sys_user_group` WHERE ( id=5 ) LIMIT 1   [ RunTime:0.0011s ]

[ 2018-09-26T11:15:40+08:00 ] 192.168.1.22 /index.php/Admin/SysUserGroup/showList
INFO: [ app_init ] --START--
INFO: Run Behavior\BuildLiteBehavior [ RunTime:0.000022s ]
INFO: [ app_init ] --END-- [ RunTime:0.000383s ]
INFO: [ app_begin ] --START--
INFO: Run Behavior\ReadHtmlCacheBehavior [ RunTime:0.000401s ]
INFO: [ app_begin ] --END-- [ RunTime:0.000506s ]
SQL: SHOW COLUMNS FROM `qs_wx_xhjj_sys_user_group` [ RunTime:0.0055s ]
SQL: SHOW COLUMNS FROM `qs_wx_xhjj_sys_user_info` [ RunTime:0.0065s ]
SQL: SHOW COLUMNS FROM `qs_wx_xhjj_sys_priv_cat` [ RunTime:0.0055s ]
SQL: SHOW COLUMNS FROM `qs_wx_xhjj_sys_priv_info` [ RunTime:0.0052s ]
SQL: SELECT COUNT(*) AS tp_count FROM `qs_wx_xhjj_sys_user_group` LIMIT 1   [ RunTime:0.0010s ]
SQL: SELECT * FROM `qs_wx_xhjj_sys_user_group` ORDER BY id desc LIMIT 0,10   [ RunTime:0.0011s ]
INFO: [ view_parse ] --START--
INFO: [ template_filter ] --START--
INFO: Run Behavior\ContentReplaceBehavior [ RunTime:0.000080s ]
INFO: [ template_filter ] --END-- [ RunTime:0.000195s ]
INFO: Run Behavior\ParseTemplateBehavior [ RunTime:0.035861s ]
INFO: [ view_parse ] --END-- [ RunTime:0.035983s ]
INFO: [ view_filter ] --START--
INFO: Run Behavior\WriteHtmlCacheBehavior [ RunTime:0.000588s ]
INFO: [ view_filter ] --END-- [ RunTime:0.000687s ]
INFO: [ app_end ] --START--
INFO: Run Behavior\ShowPageTraceBehavior [ RunTime:0.000496s ]
INFO: [ app_end ] --END-- [ RunTime:0.000621s ]

[ 2018-09-26T11:15:40+08:00 ] 192.168.1.22 /index.php/admin/SysPrivInfo/getPriviledges
INFO: [ app_init ] --START--
INFO: Run Behavior\BuildLiteBehavior [ RunTime:0.000025s ]
INFO: [ app_init ] --END-- [ RunTime:0.000424s ]
INFO: [ app_begin ] --START--
INFO: Run Behavior\ReadHtmlCacheBehavior [ RunTime:0.000435s ]
INFO: [ app_begin ] --END-- [ RunTime:0.000536s ]
SQL: SHOW COLUMNS FROM `qs_wx_xhjj_sys_config_def` [ RunTime:0.0046s ]
SQL: SELECT * FROM `qs_wx_xhjj_sys_config_def`  [ RunTime:0.0006s ]
SQL: SHOW COLUMNS FROM `qs_wx_xhjj_sys_priv_cat` [ RunTime:0.0112s ]
SQL: SHOW COLUMNS FROM `qs_wx_xhjj_sys_priv_info` [ RunTime:0.0083s ]
SQL: SHOW COLUMNS FROM `qs_wx_xhjj_sys_priv_info` [ RunTime:0.0049s ]
SQL: SELECT `pri_value` FROM `qs_wx_xhjj_sys_priv_info`  [ RunTime:0.0008s ]
SQL: SHOW COLUMNS FROM `qs_wx_xhjj_sys_user_info` [ RunTime:0.0057s ]
SQL: SELECT * FROM `qs_wx_xhjj_sys_user_info` WHERE ( id=1 ) LIMIT 1   [ RunTime:0.0008s ]
SQL: SHOW COLUMNS FROM `qs_wx_xhjj_sys_user_group` [ RunTime:0.0057s ]
SQL: SELECT * FROM `qs_wx_xhjj_sys_user_group` WHERE ( id=5 ) LIMIT 1   [ RunTime:0.0012s ]

[ 2018-09-26T11:15:40+08:00 ] 192.168.1.22 /index.php/admin/login/checkIsLogin
INFO: [ app_init ] --START--
INFO: Run Behavior\BuildLiteBehavior [ RunTime:0.000023s ]
INFO: [ app_init ] --END-- [ RunTime:0.000412s ]
INFO: [ app_begin ] --START--
INFO: Run Behavior\ReadHtmlCacheBehavior [ RunTime:0.011816s ]
INFO: [ app_begin ] --END-- [ RunTime:0.011963s ]
SQL: SHOW COLUMNS FROM `qs_wx_xhjj_sys_config_def` [ RunTime:0.0050s ]
SQL: SELECT * FROM `qs_wx_xhjj_sys_config_def`  [ RunTime:0.0007s ]
NOTIC: [8] Use of undefined constant SYSTEM_TOKEN - assumed 'SYSTEM_TOKEN' E:\wamp\www\qs_wx_xhjj\Application\Admin\Controller\LoginController.class.php 第 50 行.

[ 2018-09-26T11:15:44+08:00 ] 192.168.1.22 /index.php/Admin/SysPrivInfo/showList
INFO: [ app_init ] --START--
INFO: Run Behavior\BuildLiteBehavior [ RunTime:0.000044s ]
INFO: [ app_init ] --END-- [ RunTime:0.000744s ]
INFO: [ app_begin ] --START--
INFO: Run Behavior\ReadHtmlCacheBehavior [ RunTime:0.000789s ]
INFO: [ app_begin ] --END-- [ RunTime:0.000998s ]
SQL: SHOW COLUMNS FROM `qs_wx_xhjj_sys_config_def` [ RunTime:0.0047s ]
SQL: SELECT * FROM `qs_wx_xhjj_sys_config_def`  [ RunTime:0.0007s ]
SQL: SHOW COLUMNS FROM `qs_wx_xhjj_sys_priv_cat` [ RunTime:0.0048s ]
SQL: SHOW COLUMNS FROM `qs_wx_xhjj_sys_priv_info` [ RunTime:0.0045s ]
SQL: SELECT COUNT(*) AS tp_count FROM `qs_wx_xhjj_sys_priv_info` LIMIT 1   [ RunTime:0.0006s ]
SQL: SELECT qs_wx_xhjj_sys_priv_info.*,qs_wx_xhjj_sys_priv_cat.cat_name FROM `qs_wx_xhjj_sys_priv_info` left join qs_wx_xhjj_sys_priv_cat on qs_wx_xhjj_sys_priv_info.cat_id = qs_wx_xhjj_sys_priv_cat.id  ORDER BY qs_wx_xhjj_sys_priv_cat.parent_id asc LIMIT 0,10   [ RunTime:0.0571s ]
INFO: [ view_parse ] --START--
INFO: [ template_filter ] --START--
INFO: Run Behavior\ContentReplaceBehavior [ RunTime:0.000069s ]
INFO: [ template_filter ] --END-- [ RunTime:0.000184s ]
INFO: Run Behavior\ParseTemplateBehavior [ RunTime:0.014022s ]
INFO: [ view_parse ] --END-- [ RunTime:0.014134s ]
INFO: [ view_filter ] --START--
INFO: Run Behavior\WriteHtmlCacheBehavior [ RunTime:0.000458s ]
INFO: [ view_filter ] --END-- [ RunTime:0.000569s ]
INFO: [ app_end ] --START--
INFO: Run Behavior\ShowPageTraceBehavior [ RunTime:0.000507s ]
INFO: [ app_end ] --END-- [ RunTime:0.000610s ]

[ 2018-09-26T11:15:44+08:00 ] 192.168.1.22 /index.php/admin/login/checkIsLogin
INFO: [ app_init ] --START--
INFO: Run Behavior\BuildLiteBehavior [ RunTime:0.000022s ]
INFO: [ app_init ] --END-- [ RunTime:0.000401s ]
INFO: [ app_begin ] --START--
INFO: Run Behavior\ReadHtmlCacheBehavior [ RunTime:0.000427s ]
INFO: [ app_begin ] --END-- [ RunTime:0.000515s ]
SQL: SHOW COLUMNS FROM `qs_wx_xhjj_sys_config_def` [ RunTime:0.0053s ]
SQL: SELECT * FROM `qs_wx_xhjj_sys_config_def`  [ RunTime:0.0011s ]
NOTIC: [8] Use of undefined constant SYSTEM_TOKEN - assumed 'SYSTEM_TOKEN' E:\wamp\www\qs_wx_xhjj\Application\Admin\Controller\LoginController.class.php 第 50 行.

[ 2018-09-26T11:15:44+08:00 ] 192.168.1.22 /index.php/admin/SysPrivInfo/getPriviledges
INFO: [ app_init ] --START--
INFO: Run Behavior\BuildLiteBehavior [ RunTime:0.000022s ]
INFO: [ app_init ] --END-- [ RunTime:0.000369s ]
INFO: [ app_begin ] --START--
INFO: Run Behavior\ReadHtmlCacheBehavior [ RunTime:0.000399s ]
INFO: [ app_begin ] --END-- [ RunTime:0.000506s ]
SQL: SHOW COLUMNS FROM `qs_wx_xhjj_sys_config_def` [ RunTime:0.0046s ]
SQL: SELECT * FROM `qs_wx_xhjj_sys_config_def`  [ RunTime:0.0007s ]
SQL: SHOW COLUMNS FROM `qs_wx_xhjj_sys_priv_cat` [ RunTime:0.0053s ]
SQL: SHOW COLUMNS FROM `qs_wx_xhjj_sys_priv_info` [ RunTime:0.0050s ]
SQL: SHOW COLUMNS FROM `qs_wx_xhjj_sys_priv_info` [ RunTime:0.0048s ]
SQL: SELECT `pri_value` FROM `qs_wx_xhjj_sys_priv_info`  [ RunTime:0.0007s ]
SQL: SHOW COLUMNS FROM `qs_wx_xhjj_sys_user_info` [ RunTime:0.0053s ]
SQL: SELECT * FROM `qs_wx_xhjj_sys_user_info` WHERE ( id=1 ) LIMIT 1   [ RunTime:0.0010s ]
SQL: SHOW COLUMNS FROM `qs_wx_xhjj_sys_user_group` [ RunTime:0.0052s ]
SQL: SELECT * FROM `qs_wx_xhjj_sys_user_group` WHERE ( id=5 ) LIMIT 1   [ RunTime:0.0011s ]

[ 2018-09-26T11:15:45+08:00 ] 192.168.1.22 /index.php/Admin/SysPrivCat/showList
INFO: [ app_init ] --START--
INFO: Run Behavior\BuildLiteBehavior [ RunTime:0.000025s ]
INFO: [ app_init ] --END-- [ RunTime:0.000435s ]
INFO: [ app_begin ] --START--
INFO: Run Behavior\ReadHtmlCacheBehavior [ RunTime:0.000483s ]
INFO: [ app_begin ] --END-- [ RunTime:0.000593s ]
SQL: SHOW COLUMNS FROM `qs_wx_xhjj_sys_config_def` [ RunTime:0.0132s ]
SQL: SELECT * FROM `qs_wx_xhjj_sys_config_def`  [ RunTime:0.0011s ]
SQL: SHOW COLUMNS FROM `qs_wx_xhjj_sys_priv_cat` [ RunTime:0.0208s ]
SQL: SHOW COLUMNS FROM `qs_wx_xhjj_sys_priv_info` [ RunTime:0.0148s ]
SQL: SELECT * FROM `qs_wx_xhjj_sys_priv_cat` WHERE ( parent_id=0 ) ORDER BY id asc  [ RunTime:0.0010s ]
SQL: SELECT * FROM `qs_wx_xhjj_sys_priv_cat` WHERE ( parent_id=2 )  [ RunTime:0.0007s ]
SQL: SELECT * FROM `qs_wx_xhjj_sys_priv_info` WHERE ( cat_id=7 )  [ RunTime:0.0008s ]
SQL: SELECT * FROM `qs_wx_xhjj_sys_priv_info` WHERE ( cat_id=8 )  [ RunTime:0.0009s ]
SQL: SELECT * FROM `qs_wx_xhjj_sys_priv_cat` WHERE ( parent_id=6 )  [ RunTime:0.0011s ]
SQL: SELECT * FROM `qs_wx_xhjj_sys_priv_info` WHERE ( cat_id=20 )  [ RunTime:0.0008s ]
SQL: SELECT * FROM `qs_wx_xhjj_sys_priv_info` WHERE ( cat_id=21 )  [ RunTime:0.0007s ]
SQL: SELECT * FROM `qs_wx_xhjj_sys_priv_info` WHERE ( cat_id=22 )  [ RunTime:0.0006s ]
SQL: SELECT * FROM `qs_wx_xhjj_sys_priv_info` WHERE ( cat_id=23 )  [ RunTime:0.0006s ]
SQL: SELECT * FROM `qs_wx_xhjj_sys_priv_info` WHERE ( cat_id=24 )  [ RunTime:0.0006s ]
SQL: SELECT * FROM `qs_wx_xhjj_sys_priv_info` WHERE ( cat_id=25 )  [ RunTime:0.0006s ]
SQL: SELECT * FROM `qs_wx_xhjj_sys_priv_info` WHERE ( cat_id=35 )  [ RunTime:0.0007s ]
SQL: SELECT * FROM `qs_wx_xhjj_sys_priv_cat` WHERE ( parent_id=26 )  [ RunTime:0.0006s ]
SQL: SELECT * FROM `qs_wx_xhjj_sys_priv_info` WHERE ( cat_id=27 )  [ RunTime:0.0006s ]
SQL: SELECT * FROM `qs_wx_xhjj_sys_priv_cat` WHERE ( parent_id=37 )  [ RunTime:0.0006s ]
SQL: SELECT * FROM `qs_wx_xhjj_sys_priv_info` WHERE ( cat_id=39 )  [ RunTime:0.0006s ]
SQL: SELECT * FROM `qs_wx_xhjj_sys_priv_info` WHERE ( cat_id=38 )  [ RunTime:0.0006s ]
INFO: [ view_parse ] --START--
INFO: [ template_filter ] --START--
INFO: Run Behavior\ContentReplaceBehavior [ RunTime:0.000075s ]
INFO: [ template_filter ] --END-- [ RunTime:0.000189s ]
NOTIC: [8] Undefined variable: page E:\wamp\www\qs_wx_xhjj\Application\Runtime\Cache\Admin\57dffe3314e5e38830dedd39ea733e14.php 第 58 行.
INFO: Run Behavior\ParseTemplateBehavior [ RunTime:0.052231s ]
INFO: [ view_parse ] --END-- [ RunTime:0.052342s ]
INFO: [ view_filter ] --START--
INFO: Run Behavior\WriteHtmlCacheBehavior [ RunTime:0.000797s ]
INFO: [ view_filter ] --END-- [ RunTime:0.000894s ]
INFO: [ app_end ] --START--
INFO: Run Behavior\ShowPageTraceBehavior [ RunTime:0.000514s ]
INFO: [ app_end ] --END-- [ RunTime:0.000733s ]

[ 2018-09-26T11:15:45+08:00 ] 192.168.1.22 /index.php/admin/login/checkIsLogin
INFO: [ app_init ] --START--
INFO: Run Behavior\BuildLiteBehavior [ RunTime:0.000041s ]
INFO: [ app_init ] --END-- [ RunTime:0.000775s ]
INFO: [ app_begin ] --START--
INFO: Run Behavior\ReadHtmlCacheBehavior [ RunTime:0.000416s ]
INFO: [ app_begin ] --END-- [ RunTime:0.000534s ]
SQL: SHOW COLUMNS FROM `qs_wx_xhjj_sys_config_def` [ RunTime:0.0088s ]
SQL: SELECT * FROM `qs_wx_xhjj_sys_config_def`  [ RunTime:0.0010s ]
NOTIC: [8] Use of undefined constant SYSTEM_TOKEN - assumed 'SYSTEM_TOKEN' E:\wamp\www\qs_wx_xhjj\Application\Admin\Controller\LoginController.class.php 第 50 行.

[ 2018-09-26T11:15:46+08:00 ] 192.168.1.22 /index.php/admin/SysPrivInfo/getPriviledges
INFO: [ app_init ] --START--
INFO: Run Behavior\BuildLiteBehavior [ RunTime:0.000025s ]
INFO: [ app_init ] --END-- [ RunTime:0.000452s ]
INFO: [ app_begin ] --START--
INFO: Run Behavior\ReadHtmlCacheBehavior [ RunTime:0.000427s ]
INFO: [ app_begin ] --END-- [ RunTime:0.000520s ]
SQL: SHOW COLUMNS FROM `qs_wx_xhjj_sys_config_def` [ RunTime:0.0141s ]
SQL: SELECT * FROM `qs_wx_xhjj_sys_config_def`  [ RunTime:0.0010s ]
SQL: SHOW COLUMNS FROM `qs_wx_xhjj_sys_priv_cat` [ RunTime:0.0057s ]
SQL: SHOW COLUMNS FROM `qs_wx_xhjj_sys_priv_info` [ RunTime:0.0057s ]
SQL: SHOW COLUMNS FROM `qs_wx_xhjj_sys_priv_info` [ RunTime:0.0050s ]
SQL: SELECT `pri_value` FROM `qs_wx_xhjj_sys_priv_info`  [ RunTime:0.0009s ]
SQL: SHOW COLUMNS FROM `qs_wx_xhjj_sys_user_info` [ RunTime:0.0128s ]
SQL: SELECT * FROM `qs_wx_xhjj_sys_user_info` WHERE ( id=1 ) LIMIT 1   [ RunTime:0.0009s ]
SQL: SHOW COLUMNS FROM `qs_wx_xhjj_sys_user_group` [ RunTime:0.0125s ]
SQL: SELECT * FROM `qs_wx_xhjj_sys_user_group` WHERE ( id=5 ) LIMIT 1   [ RunTime:0.0008s ]

[ 2018-09-26T11:15:49+08:00 ] 192.168.1.22 /index.php/Admin/Allattach/delAttachs
INFO: [ app_init ] --START--
INFO: Run Behavior\BuildLiteBehavior [ RunTime:0.000025s ]
INFO: [ app_init ] --END-- [ RunTime:0.000405s ]
INFO: [ app_begin ] --START--
INFO: Run Behavior\ReadHtmlCacheBehavior [ RunTime:0.000426s ]
INFO: [ app_begin ] --END-- [ RunTime:0.000534s ]
SQL: SHOW COLUMNS FROM `qs_wx_xhjj_sys_all_attach` [ RunTime:0.0624s ]
SQL: SELECT * FROM `qs_wx_xhjj_sys_all_attach` WHERE ( module_info_id=0 )  [ RunTime:0.0092s ]
NOTIC: [2] unlink(E:/wamp/www/qskj_project_sqk_debug/trunk/sqk/Public/Upload/sellerInfo/2018-04-13/5ad089d675e93.jpeg): No such file or directory E:\wamp\www\qs_wx_xhjj\Application\Admin\Controller\AllattachController.class.php 第 150 行.
NOTIC: [2] unlink(E:/wamp/www/qskj_project_sqk_debug/trunk/sqk/Public/Upload/sellerInfo/2018-04-13/5ad089df57c09.jpeg): No such file or directory E:\wamp\www\qs_wx_xhjj\Application\Admin\Controller\AllattachController.class.php 第 150 行.
NOTIC: [2] unlink(E:/wamp/www/qskj_project_sqk_debug/trunk/sqk/Public/Upload/sellerInfo/2018-04-13/5ad093da34d6d.png): No such file or directory E:\wamp\www\qs_wx_xhjj\Application\Admin\Controller\AllattachController.class.php 第 150 行.
NOTIC: [2] unlink(E:/wamp/www/qskj_project_sqk_debug/trunk/sqk/Public/Upload/sellerInfo/2018-04-13/5ad0947e0ea98.png): No such file or directory E:\wamp\www\qs_wx_xhjj\Application\Admin\Controller\AllattachController.class.php 第 150 行.
NOTIC: [2] unlink(E:/wamp/www/qskj_project_sqk_debug/trunk/sqk/Public/Upload/sellerInfo/2018-04-13/5ad094ea1300e.png): No such file or directory E:\wamp\www\qs_wx_xhjj\Application\Admin\Controller\AllattachController.class.php 第 150 行.
NOTIC: [2] unlink(E:/wamp/www/qskj_project_sqk_debug/trunk/sqk/Public/Upload/sellerInfo/2018-04-15/5ad2c214796d3.jpeg): No such file or directory E:\wamp\www\qs_wx_xhjj\Application\Admin\Controller\AllattachController.class.php 第 150 行.
NOTIC: [2] unlink(E:/wamp/www/qskj_project_sqk_debug/trunk/sqk/Public/Upload/sellerInfo/2018-04-15/5ad2c225aef1b.png): No such file or directory E:\wamp\www\qs_wx_xhjj\Application\Admin\Controller\AllattachController.class.php 第 150 行.
NOTIC: [2] unlink(E:/wamp/www/qskj_project_sqk_debug/trunk/sqk/Public/Upload/sellerInfo/2018-04-15/5ad2c4e2a24a3.jpeg): No such file or directory E:\wamp\www\qs_wx_xhjj\Application\Admin\Controller\AllattachController.class.php 第 150 行.
NOTIC: [2] unlink(E:/wamp/www/qskj_project_sqk_debug/trunk/sqk/Public/Upload/sellerInfo/2018-04-15/5ad2c4e7306ac.jpeg): No such file or directory E:\wamp\www\qs_wx_xhjj\Application\Admin\Controller\AllattachController.class.php 第 150 行.
NOTIC: [2] unlink(E:/wamp/www/qskj_project_sqk_debug/trunk/sqk/Public/Upload/prop/2018-04-16/5ad443e8c8d41.jpg): No such file or directory E:\wamp\www\qs_wx_xhjj\Application\Admin\Controller\AllattachController.class.php 第 150 行.
INFO: [ view_parse ] --START--
INFO: [ template_filter ] --START--
INFO: Run Behavior\ContentReplaceBehavior [ RunTime:0.000082s ]
INFO: [ template_filter ] --END-- [ RunTime:0.000239s ]
INFO: Run Behavior\ParseTemplateBehavior [ RunTime:0.036876s ]
INFO: [ view_parse ] --END-- [ RunTime:0.037087s ]
INFO: [ view_filter ] --START--
INFO: Run Behavior\WriteHtmlCacheBehavior [ RunTime:0.001087s ]
INFO: [ view_filter ] --END-- [ RunTime:0.001302s ]
INFO: [ app_end ] --START--
INFO: Run Behavior\ShowPageTraceBehavior [ RunTime:0.000891s ]
INFO: [ app_end ] --END-- [ RunTime:0.001121s ]

[ 2018-09-26T11:15:51+08:00 ] 192.168.1.22 /index.php/Admin/Dbbackup/showList
INFO: [ app_init ] --START--
INFO: Run Behavior\BuildLiteBehavior [ RunTime:0.000023s ]
INFO: [ app_init ] --END-- [ RunTime:0.000395s ]
INFO: [ app_begin ] --START--
INFO: Run Behavior\ReadHtmlCacheBehavior [ RunTime:0.000418s ]
INFO: [ app_begin ] --END-- [ RunTime:0.000528s ]
SQL: SHOW COLUMNS FROM `qs_wx_xhjj_sys_config_def` [ RunTime:0.0084s ]
SQL: SELECT * FROM `qs_wx_xhjj_sys_config_def`  [ RunTime:0.0011s ]
SQL: SHOW COLUMNS FROM `qs_wx_xhjj_sys_db_backup` [ RunTime:0.0467s ]
SQL: SELECT COUNT(*) AS tp_count FROM `qs_wx_xhjj_sys_db_backup` LIMIT 1   [ RunTime:0.0011s ]
SQL: SELECT * FROM `qs_wx_xhjj_sys_db_backup` ORDER BY id desc LIMIT 0,10   [ RunTime:0.0011s ]
INFO: [ view_parse ] --START--
INFO: [ template_filter ] --START--
INFO: Run Behavior\ContentReplaceBehavior [ RunTime:0.000081s ]
INFO: [ template_filter ] --END-- [ RunTime:0.000227s ]
INFO: Run Behavior\ParseTemplateBehavior [ RunTime:0.032506s ]
INFO: [ view_parse ] --END-- [ RunTime:0.032657s ]
INFO: [ view_filter ] --START--
INFO: Run Behavior\WriteHtmlCacheBehavior [ RunTime:0.000608s ]
INFO: [ view_filter ] --END-- [ RunTime:0.000739s ]
INFO: [ app_end ] --START--
INFO: Run Behavior\ShowPageTraceBehavior [ RunTime:0.001228s ]
INFO: [ app_end ] --END-- [ RunTime:0.001544s ]

[ 2018-09-26T11:15:51+08:00 ] 192.168.1.22 /index.php/admin/login/checkIsLogin
INFO: [ app_init ] --START--
INFO: Run Behavior\BuildLiteBehavior [ RunTime:0.000029s ]
INFO: [ app_init ] --END-- [ RunTime:0.000479s ]
INFO: [ app_begin ] --START--
INFO: Run Behavior\ReadHtmlCacheBehavior [ RunTime:0.000494s ]
INFO: [ app_begin ] --END-- [ RunTime:0.000608s ]
SQL: SHOW COLUMNS FROM `qs_wx_xhjj_sys_config_def` [ RunTime:0.0055s ]
SQL: SELECT * FROM `qs_wx_xhjj_sys_config_def`  [ RunTime:0.0009s ]
NOTIC: [8] Use of undefined constant SYSTEM_TOKEN - assumed 'SYSTEM_TOKEN' E:\wamp\www\qs_wx_xhjj\Application\Admin\Controller\LoginController.class.php 第 50 行.

[ 2018-09-26T11:15:51+08:00 ] 192.168.1.22 /index.php/admin/SysPrivInfo/getPriviledges
INFO: [ app_init ] --START--
INFO: Run Behavior\BuildLiteBehavior [ RunTime:0.000027s ]
INFO: [ app_init ] --END-- [ RunTime:0.000474s ]
INFO: [ app_begin ] --START--
INFO: Run Behavior\ReadHtmlCacheBehavior [ RunTime:0.000503s ]
INFO: [ app_begin ] --END-- [ RunTime:0.000627s ]
SQL: SHOW COLUMNS FROM `qs_wx_xhjj_sys_config_def` [ RunTime:0.0050s ]
SQL: SELECT * FROM `qs_wx_xhjj_sys_config_def`  [ RunTime:0.0006s ]
SQL: SHOW COLUMNS FROM `qs_wx_xhjj_sys_priv_cat` [ RunTime:0.0051s ]
SQL: SHOW COLUMNS FROM `qs_wx_xhjj_sys_priv_info` [ RunTime:0.0052s ]
SQL: SHOW COLUMNS FROM `qs_wx_xhjj_sys_priv_info` [ RunTime:0.0048s ]
SQL: SELECT `pri_value` FROM `qs_wx_xhjj_sys_priv_info`  [ RunTime:0.0006s ]
SQL: SHOW COLUMNS FROM `qs_wx_xhjj_sys_user_info` [ RunTime:0.0046s ]
SQL: SELECT * FROM `qs_wx_xhjj_sys_user_info` WHERE ( id=1 ) LIMIT 1   [ RunTime:0.0007s ]
SQL: SHOW COLUMNS FROM `qs_wx_xhjj_sys_user_group` [ RunTime:0.0051s ]
SQL: SELECT * FROM `qs_wx_xhjj_sys_user_group` WHERE ( id=5 ) LIMIT 1   [ RunTime:0.0008s ]

[ 2018-09-26T11:16:03+08:00 ] 192.168.1.22 /index.php/Admin/SysUserInfo/showList
INFO: [ app_init ] --START--
INFO: Run Behavior\BuildLiteBehavior [ RunTime:0.000049s ]
INFO: [ app_init ] --END-- [ RunTime:0.000894s ]
INFO: [ app_begin ] --START--
INFO: Run Behavior\ReadHtmlCacheBehavior [ RunTime:0.000904s ]
INFO: [ app_begin ] --END-- [ RunTime:0.001160s ]
NOTIC: [2048] Declaration of Admin\Controller\SysUserInfoController::getData() should be compatible with Admin\Controller\BaseDBController::getData($model, $id) E:\wamp\www\qs_wx_xhjj\Application\Admin\Controller\SysUserInfoController.class.php 第 14 行.
SQL: SHOW COLUMNS FROM `qs_wx_xhjj_sys_config_def` [ RunTime:0.0054s ]
SQL: SELECT * FROM `qs_wx_xhjj_sys_config_def`  [ RunTime:0.0010s ]
SQL: SHOW COLUMNS FROM `qs_wx_xhjj_sys_user_group` [ RunTime:0.0053s ]
SQL: SHOW COLUMNS FROM `qs_wx_xhjj_sys_user_info` [ RunTime:0.0051s ]
SQL: SHOW COLUMNS FROM `qs_wx_xhjj_sys_priv_cat` [ RunTime:0.0050s ]
SQL: SHOW COLUMNS FROM `qs_wx_xhjj_sys_priv_info` [ RunTime:0.0056s ]
NOTIC: [8] Undefined variable: where E:\wamp\www\qs_wx_xhjj\Application\Admin\Controller\SysUserInfoController.class.php 第 52 行.
NOTIC: [8] Undefined variable: pageCondition E:\wamp\www\qs_wx_xhjj\Application\Admin\Controller\SysUserInfoController.class.php 第 52 行.
SQL: SELECT COUNT(*) AS tp_count FROM `qs_wx_xhjj_sys_user_info` LIMIT 1   [ RunTime:0.0007s ]
NOTIC: [2] Invalid argument supplied for foreach() E:\wamp\www\qs_wx_xhjj\Application\Common\Common\function.php 第 119 行.
SQL: SELECT qs_wx_xhjj_sys_user_info.*,qs_wx_xhjj_sys_user_group.cat_name FROM `qs_wx_xhjj_sys_user_info` left join qs_wx_xhjj_sys_user_group on qs_wx_xhjj_sys_user_info.cat_id = qs_wx_xhjj_sys_user_group.id  ORDER BY id desc LIMIT 0,10   [ RunTime:0.0008s ]
INFO: [ view_parse ] --START--
INFO: [ template_filter ] --START--
INFO: Run Behavior\ContentReplaceBehavior [ RunTime:0.000072s ]
INFO: [ template_filter ] --END-- [ RunTime:0.000180s ]
INFO: Run Behavior\ParseTemplateBehavior [ RunTime:0.015864s ]
INFO: [ view_parse ] --END-- [ RunTime:0.015978s ]
INFO: [ view_filter ] --START--
INFO: Run Behavior\WriteHtmlCacheBehavior [ RunTime:0.000466s ]
INFO: [ view_filter ] --END-- [ RunTime:0.000559s ]
INFO: [ app_end ] --START--
INFO: Run Behavior\ShowPageTraceBehavior [ RunTime:0.000545s ]
INFO: [ app_end ] --END-- [ RunTime:0.000665s ]

[ 2018-09-26T11:16:03+08:00 ] 192.168.1.22 /index.php/admin/SysPrivInfo/getPriviledges
INFO: [ app_init ] --START--
INFO: Run Behavior\BuildLiteBehavior [ RunTime:0.000021s ]
INFO: [ app_init ] --END-- [ RunTime:0.000387s ]
INFO: [ app_begin ] --START--
INFO: Run Behavior\ReadHtmlCacheBehavior [ RunTime:0.000506s ]
INFO: [ app_begin ] --END-- [ RunTime:0.000638s ]
SQL: SHOW COLUMNS FROM `qs_wx_xhjj_sys_config_def` [ RunTime:0.0047s ]
SQL: SELECT * FROM `qs_wx_xhjj_sys_config_def`  [ RunTime:0.0007s ]
SQL: SHOW COLUMNS FROM `qs_wx_xhjj_sys_priv_cat` [ RunTime:0.0049s ]
SQL: SHOW COLUMNS FROM `qs_wx_xhjj_sys_priv_info` [ RunTime:0.0045s ]
SQL: SHOW COLUMNS FROM `qs_wx_xhjj_sys_priv_info` [ RunTime:0.0055s ]
SQL: SELECT `pri_value` FROM `qs_wx_xhjj_sys_priv_info`  [ RunTime:0.0009s ]
SQL: SHOW COLUMNS FROM `qs_wx_xhjj_sys_user_info` [ RunTime:0.0053s ]
SQL: SELECT * FROM `qs_wx_xhjj_sys_user_info` WHERE ( id=1 ) LIMIT 1   [ RunTime:0.0010s ]
SQL: SHOW COLUMNS FROM `qs_wx_xhjj_sys_user_group` [ RunTime:0.0063s ]
SQL: SELECT * FROM `qs_wx_xhjj_sys_user_group` WHERE ( id=5 ) LIMIT 1   [ RunTime:0.0012s ]

[ 2018-09-26T11:16:03+08:00 ] 192.168.1.22 /index.php/admin/login/checkIsLogin
INFO: [ app_init ] --START--
INFO: Run Behavior\BuildLiteBehavior [ RunTime:0.000023s ]
INFO: [ app_init ] --END-- [ RunTime:0.000393s ]
INFO: [ app_begin ] --START--
INFO: Run Behavior\ReadHtmlCacheBehavior [ RunTime:0.000493s ]
INFO: [ app_begin ] --END-- [ RunTime:0.000607s ]
SQL: SHOW COLUMNS FROM `qs_wx_xhjj_sys_config_def` [ RunTime:0.0049s ]
SQL: SELECT * FROM `qs_wx_xhjj_sys_config_def`  [ RunTime:0.0009s ]
NOTIC: [8] Use of undefined constant SYSTEM_TOKEN - assumed 'SYSTEM_TOKEN' E:\wamp\www\qs_wx_xhjj\Application\Admin\Controller\LoginController.class.php 第 50 行.

[ 2018-09-26T11:16:12+08:00 ] 192.168.1.22 /index.php/Admin/NoticeCat/showList
INFO: [ app_init ] --START--
INFO: Run Behavior\BuildLiteBehavior [ RunTime:0.000036s ]
INFO: [ app_init ] --END-- [ RunTime:0.000628s ]
INFO: [ app_begin ] --START--
INFO: Run Behavior\ReadHtmlCacheBehavior [ RunTime:0.000676s ]
INFO: [ app_begin ] --END-- [ RunTime:0.000866s ]
SQL: SHOW COLUMNS FROM `qs_wx_xhjj_sys_config_def` [ RunTime:0.0089s ]
SQL: SELECT * FROM `qs_wx_xhjj_sys_config_def`  [ RunTime:0.0014s ]
SQL: SHOW COLUMNS FROM `qs_wx_xhjj_notice_cat` [ RunTime:0.0088s ]
SQL: SHOW COLUMNS FROM `qs_wx_xhjj_notice_info` [ RunTime:0.0091s ]
SQL: SELECT * FROM `qs_wx_xhjj_notice_cat` WHERE ( parent_id=0 ) ORDER BY id asc  [ RunTime:0.0014s ]
SQL: SELECT * FROM `qs_wx_xhjj_notice_cat` WHERE ( parent_id=4 )  [ RunTime:0.0013s ]
SQL: SELECT * FROM `qs_wx_xhjj_notice_cat` WHERE ( parent_id=5 )  [ RunTime:0.0013s ]
INFO: [ view_parse ] --START--
INFO: [ template_filter ] --START--
INFO: Run Behavior\ContentReplaceBehavior [ RunTime:0.000149s ]
INFO: [ template_filter ] --END-- [ RunTime:0.000364s ]
NOTIC: [8] Undefined variable: page E:\wamp\www\qs_wx_xhjj\Application\Runtime\Cache\Admin\d784fba9da35225db27c9cea5e526b10.php 第 59 行.
INFO: Run Behavior\ParseTemplateBehavior [ RunTime:0.054249s ]
INFO: [ view_parse ] --END-- [ RunTime:0.054448s ]
INFO: [ view_filter ] --START--
INFO: Run Behavior\WriteHtmlCacheBehavior [ RunTime:0.000888s ]
INFO: [ view_filter ] --END-- [ RunTime:0.001075s ]
INFO: [ app_end ] --START--
INFO: Run Behavior\ShowPageTraceBehavior [ RunTime:0.000891s ]
INFO: [ app_end ] --END-- [ RunTime:0.001089s ]

[ 2018-09-26T11:16:12+08:00 ] 192.168.1.22 /index.php/admin/login/checkIsLogin
INFO: [ app_init ] --START--
INFO: Run Behavior\BuildLiteBehavior [ RunTime:0.000023s ]
INFO: [ app_init ] --END-- [ RunTime:0.000421s ]
INFO: [ app_begin ] --START--
INFO: Run Behavior\ReadHtmlCacheBehavior [ RunTime:0.000407s ]
INFO: [ app_begin ] --END-- [ RunTime:0.000510s ]
SQL: SHOW COLUMNS FROM `qs_wx_xhjj_sys_config_def` [ RunTime:0.0046s ]
SQL: SELECT * FROM `qs_wx_xhjj_sys_config_def`  [ RunTime:0.0007s ]
NOTIC: [8] Use of undefined constant SYSTEM_TOKEN - assumed 'SYSTEM_TOKEN' E:\wamp\www\qs_wx_xhjj\Application\Admin\Controller\LoginController.class.php 第 50 行.

[ 2018-09-26T11:16:12+08:00 ] 192.168.1.22 /index.php/admin/SysPrivInfo/getPriviledges
INFO: [ app_init ] --START--
INFO: Run Behavior\BuildLiteBehavior [ RunTime:0.000023s ]
INFO: [ app_init ] --END-- [ RunTime:0.000387s ]
INFO: [ app_begin ] --START--
INFO: Run Behavior\ReadHtmlCacheBehavior [ RunTime:0.000397s ]
INFO: [ app_begin ] --END-- [ RunTime:0.000490s ]
SQL: SHOW COLUMNS FROM `qs_wx_xhjj_sys_config_def` [ RunTime:0.0048s ]
SQL: SELECT * FROM `qs_wx_xhjj_sys_config_def`  [ RunTime:0.0008s ]
SQL: SHOW COLUMNS FROM `qs_wx_xhjj_sys_priv_cat` [ RunTime:0.0048s ]
SQL: SHOW COLUMNS FROM `qs_wx_xhjj_sys_priv_info` [ RunTime:0.0051s ]
SQL: SHOW COLUMNS FROM `qs_wx_xhjj_sys_priv_info` [ RunTime:0.0049s ]
SQL: SELECT `pri_value` FROM `qs_wx_xhjj_sys_priv_info`  [ RunTime:0.0008s ]
SQL: SHOW COLUMNS FROM `qs_wx_xhjj_sys_user_info` [ RunTime:0.0048s ]
SQL: SELECT * FROM `qs_wx_xhjj_sys_user_info` WHERE ( id=1 ) LIMIT 1   [ RunTime:0.0007s ]
SQL: SHOW COLUMNS FROM `qs_wx_xhjj_sys_user_group` [ RunTime:0.0047s ]
SQL: SELECT * FROM `qs_wx_xhjj_sys_user_group` WHERE ( id=5 ) LIMIT 1   [ RunTime:0.0007s ]

[ 2018-09-26T11:16:24+08:00 ] 192.168.1.22 /index.php/Admin/Apptlearn/showList
INFO: [ app_init ] --START--
INFO: Run Behavior\BuildLiteBehavior [ RunTime:0.000039s ]
INFO: [ app_init ] --END-- [ RunTime:0.000654s ]
INFO: [ app_begin ] --START--
INFO: Run Behavior\ReadHtmlCacheBehavior [ RunTime:0.000677s ]
INFO: [ app_begin ] --END-- [ RunTime:0.000854s ]
SQL: SHOW COLUMNS FROM `qs_wx_xhjj_sys_config_def` [ RunTime:0.0075s ]
SQL: SELECT * FROM `qs_wx_xhjj_sys_config_def`  [ RunTime:0.0011s ]
SQL: SHOW COLUMNS FROM `qs_wx_xhjj_appt_learn_info` [ RunTime:0.0074s ]
SQL: SHOW COLUMNS FROM `qs_wx_xhjj_sys_all_attach` [ RunTime:0.0061s ]
SQL: SHOW COLUMNS FROM `qs_wx_xhjj_appt_learn_info` [ RunTime:0.0062s ]
NOTIC: [8] Undefined variable: where E:\wamp\www\qs_wx_xhjj\Application\Admin\Controller\ApptlearnController.class.php 第 37 行.
NOTIC: [8] Undefined variable: pageCondition E:\wamp\www\qs_wx_xhjj\Application\Admin\Controller\ApptlearnController.class.php 第 37 行.
SQL: SELECT COUNT(*) AS tp_count FROM `qs_wx_xhjj_appt_learn_info` LIMIT 1   [ RunTime:0.0009s ]
NOTIC: [2] Invalid argument supplied for foreach() E:\wamp\www\qs_wx_xhjj\Application\Common\Common\function.php 第 119 行.
NOTIC: [8] Undefined variable: order E:\wamp\www\qs_wx_xhjj\Application\Admin\Controller\ApptlearnController.class.php 第 38 行.
NOTIC: [8] Undefined variable: where E:\wamp\www\qs_wx_xhjj\Application\Admin\Controller\ApptlearnController.class.php 第 41 行.
SQL: SELECT qs_wx_xhjj_appt_learn_info.*,qs_wx_xhjj_appt_learn_info.*,qs_wx_xhjj_sys_user_info.usr,qs_wx_xhjj_sys_user_info.realname FROM `qs_wx_xhjj_appt_learn_info` left join qs_wx_xhjj_sys_user_info on qs_wx_xhjj_appt_learn_info.user_id = qs_wx_xhjj_sys_user_info.id  ORDER BY id desc LIMIT 0,10   [ RunTime:0.0284s ]
NOTIC: [8] Undefined variable: pageCondition E:\wamp\www\qs_wx_xhjj\Application\Admin\Controller\ApptlearnController.class.php 第 45 行.
SQL: SHOW COLUMNS FROM `qs_wx_xhjj_appt_learn_order` [ RunTime:0.0056s ]
SQL: SELECT sum(appt_num) as appt_num FROM `qs_wx_xhjj_appt_learn_order` WHERE ( learn_id=31 )  [ RunTime:0.0009s ]
SQL: SELECT sum(appt_num) as appt_num FROM `qs_wx_xhjj_appt_learn_order` WHERE ( learn_id=30 )  [ RunTime:0.0007s ]
SQL: SELECT sum(appt_num) as appt_num FROM `qs_wx_xhjj_appt_learn_order` WHERE ( learn_id=29 )  [ RunTime:0.0007s ]
INFO: [ view_parse ] --START--
INFO: [ template_filter ] --START--
INFO: Run Behavior\ContentReplaceBehavior [ RunTime:0.000094s ]
INFO: [ template_filter ] --END-- [ RunTime:0.000230s ]
NOTIC: [8] Undefined index: address_id E:\wamp\www\qs_wx_xhjj\Application\Runtime\Cache\Admin\2f2beaa0d176ec2579f059872fbd846e.php 第 53 行.
NOTIC: [8] Undefined variable: address_id E:\wamp\www\qs_wx_xhjj\Application\Runtime\Cache\Admin\2f2beaa0d176ec2579f059872fbd846e.php 第 53 行.
NOTIC: [8] Undefined index: address_id E:\wamp\www\qs_wx_xhjj\Application\Runtime\Cache\Admin\2f2beaa0d176ec2579f059872fbd846e.php 第 53 行.
NOTIC: [8] Undefined variable: address_id E:\wamp\www\qs_wx_xhjj\Application\Runtime\Cache\Admin\2f2beaa0d176ec2579f059872fbd846e.php 第 53 行.
NOTIC: [8] Undefined index: address_id E:\wamp\www\qs_wx_xhjj\Application\Runtime\Cache\Admin\2f2beaa0d176ec2579f059872fbd846e.php 第 53 行.
NOTIC: [8] Undefined variable: address_id E:\wamp\www\qs_wx_xhjj\Application\Runtime\Cache\Admin\2f2beaa0d176ec2579f059872fbd846e.php 第 53 行.
INFO: Run Behavior\ParseTemplateBehavior [ RunTime:0.040043s ]
INFO: [ view_parse ] --END-- [ RunTime:0.040159s ]
INFO: [ view_filter ] --START--
INFO: Run Behavior\WriteHtmlCacheBehavior [ RunTime:0.000517s ]
INFO: [ view_filter ] --END-- [ RunTime:0.000619s ]
INFO: [ app_end ] --START--
INFO: Run Behavior\ShowPageTraceBehavior [ RunTime:0.000525s ]
INFO: [ app_end ] --END-- [ RunTime:0.000647s ]

[ 2018-09-26T11:16:24+08:00 ] 192.168.1.22 /index.php/admin/login/checkIsLogin
INFO: [ app_init ] --START--
INFO: Run Behavior\BuildLiteBehavior [ RunTime:0.000024s ]
INFO: [ app_init ] --END-- [ RunTime:0.000415s ]
INFO: [ app_begin ] --START--
INFO: Run Behavior\ReadHtmlCacheBehavior [ RunTime:0.000419s ]
INFO: [ app_begin ] --END-- [ RunTime:0.000517s ]
SQL: SHOW COLUMNS FROM `qs_wx_xhjj_sys_config_def` [ RunTime:0.0047s ]
SQL: SELECT * FROM `qs_wx_xhjj_sys_config_def`  [ RunTime:0.0007s ]
NOTIC: [8] Use of undefined constant SYSTEM_TOKEN - assumed 'SYSTEM_TOKEN' E:\wamp\www\qs_wx_xhjj\Application\Admin\Controller\LoginController.class.php 第 50 行.

[ 2018-09-26T11:16:24+08:00 ] 192.168.1.22 /index.php/admin/SysPrivInfo/getPriviledges
INFO: [ app_init ] --START--
INFO: Run Behavior\BuildLiteBehavior [ RunTime:0.000025s ]
INFO: [ app_init ] --END-- [ RunTime:0.000412s ]
INFO: [ app_begin ] --START--
INFO: Run Behavior\ReadHtmlCacheBehavior [ RunTime:0.000426s ]
INFO: [ app_begin ] --END-- [ RunTime:0.000523s ]
SQL: SHOW COLUMNS FROM `qs_wx_xhjj_sys_config_def` [ RunTime:0.0051s ]
SQL: SELECT * FROM `qs_wx_xhjj_sys_config_def`  [ RunTime:0.0009s ]
SQL: SHOW COLUMNS FROM `qs_wx_xhjj_sys_priv_cat` [ RunTime:0.0052s ]
SQL: SHOW COLUMNS FROM `qs_wx_xhjj_sys_priv_info` [ RunTime:0.0052s ]
SQL: SHOW COLUMNS FROM `qs_wx_xhjj_sys_priv_info` [ RunTime:0.0056s ]
SQL: SELECT `pri_value` FROM `qs_wx_xhjj_sys_priv_info`  [ RunTime:0.0011s ]
SQL: SHOW COLUMNS FROM `qs_wx_xhjj_sys_user_info` [ RunTime:0.0064s ]
SQL: SELECT * FROM `qs_wx_xhjj_sys_user_info` WHERE ( id=1 ) LIMIT 1   [ RunTime:0.0010s ]
SQL: SHOW COLUMNS FROM `qs_wx_xhjj_sys_user_group` [ RunTime:0.0062s ]
SQL: SELECT * FROM `qs_wx_xhjj_sys_user_group` WHERE ( id=5 ) LIMIT 1   [ RunTime:0.0008s ]

[ 2018-09-26T11:16:49+08:00 ] 192.168.1.22 /index.php/Admin/login/logout
INFO: [ app_init ] --START--
INFO: Run Behavior\BuildLiteBehavior [ RunTime:0.000042s ]
INFO: [ app_init ] --END-- [ RunTime:0.000814s ]
INFO: [ app_begin ] --START--
INFO: Run Behavior\ReadHtmlCacheBehavior [ RunTime:0.001143s ]
INFO: [ app_begin ] --END-- [ RunTime:0.001354s ]
SQL: SHOW COLUMNS FROM `qs_wx_xhjj_sys_config_def` [ RunTime:0.0087s ]
SQL: SELECT * FROM `qs_wx_xhjj_sys_config_def`  [ RunTime:0.0013s ]
SQL: SELECT * FROM `qs_wx_xhjj_sys_config_def`  [ RunTime:0.0017s ]
NOTIC: [8] Undefined index: HTTP_X_REAL_IP E:\wamp\www\qs_wx_xhjj\ThinkPHP\Common\functions.php 第 1477 行.
SQL: SHOW COLUMNS FROM `qs_wx_xhjj_sys_action_log` [ RunTime:0.0086s ]
SQL: INSERT INTO `qs_wx_xhjj_sys_action_log` (`c_name`,`a_name`,`action_info`,`user_name`,`ip`) VALUES ('login','logout','退出系统','管理员','192.168.1.22') [ RunTime:0.0013s ]

[ 2018-09-26T11:16:49+08:00 ] 192.168.1.22 /index.php/Admin/login/login.html
INFO: [ app_init ] --START--
INFO: Run Behavior\BuildLiteBehavior [ RunTime:0.000022s ]
INFO: [ app_init ] --END-- [ RunTime:0.000396s ]
INFO: [ app_begin ] --START--
INFO: Run Behavior\ReadHtmlCacheBehavior [ RunTime:0.000489s ]
INFO: [ app_begin ] --END-- [ RunTime:0.000611s ]
SQL: SHOW COLUMNS FROM `qs_wx_xhjj_sys_config_def` [ RunTime:0.0046s ]
SQL: SELECT * FROM `qs_wx_xhjj_sys_config_def`  [ RunTime:0.0006s ]
INFO: [ view_parse ] --START--
INFO: [ template_filter ] --START--
INFO: Run Behavior\ContentReplaceBehavior [ RunTime:0.000097s ]
INFO: [ template_filter ] --END-- [ RunTime:0.000204s ]
INFO: Run Behavior\ParseTemplateBehavior [ RunTime:0.008001s ]
INFO: [ view_parse ] --END-- [ RunTime:0.008108s ]
INFO: [ view_filter ] --START--
INFO: Run Behavior\WriteHtmlCacheBehavior [ RunTime:0.000554s ]
INFO: [ view_filter ] --END-- [ RunTime:0.000650s ]
INFO: [ app_end ] --START--
INFO: Run Behavior\ShowPageTraceBehavior [ RunTime:0.000645s ]
INFO: [ app_end ] --END-- [ RunTime:0.000747s ]

[ 2018-09-26T11:16:50+08:00 ] 192.168.1.22 /index.php/Admin/login/verify_c.html
INFO: [ app_init ] --START--
INFO: Run Behavior\BuildLiteBehavior [ RunTime:0.000046s ]
INFO: [ app_init ] --END-- [ RunTime:0.000713s ]
INFO: [ app_begin ] --START--
INFO: Run Behavior\ReadHtmlCacheBehavior [ RunTime:0.000424s ]
INFO: [ app_begin ] --END-- [ RunTime:0.000531s ]
SQL: SHOW COLUMNS FROM `qs_wx_xhjj_sys_config_def` [ RunTime:0.0060s ]
SQL: SELECT * FROM `qs_wx_xhjj_sys_config_def`  [ RunTime:0.0008s ]
INFO: [ app_end ] --START--
INFO: Run Behavior\ShowPageTraceBehavior [ RunTime:0.000472s ]
INFO: [ app_end ] --END-- [ RunTime:0.000594s ]

[ 2018-09-26T11:16:50+08:00 ] 192.168.1.22 /index.php/admin/SysPrivInfo/getPriviledges
INFO: [ app_init ] --START--
INFO: Run Behavior\BuildLiteBehavior [ RunTime:0.000026s ]
INFO: [ app_init ] --END-- [ RunTime:0.000458s ]
INFO: [ app_begin ] --START--
INFO: Run Behavior\ReadHtmlCacheBehavior [ RunTime:0.000445s ]
INFO: [ app_begin ] --END-- [ RunTime:0.000553s ]
SQL: SHOW COLUMNS FROM `qs_wx_xhjj_sys_config_def` [ RunTime:0.0055s ]
SQL: SELECT * FROM `qs_wx_xhjj_sys_config_def`  [ RunTime:0.0011s ]
SQL: SHOW COLUMNS FROM `qs_wx_xhjj_sys_priv_cat` [ RunTime:0.0052s ]
SQL: SHOW COLUMNS FROM `qs_wx_xhjj_sys_priv_info` [ RunTime:0.0056s ]
NOTIC: [8] Undefined index: user_id E:\wamp\www\qs_wx_xhjj\Application\Admin\Controller\SysPrivInfoController.class.php 第 103 行.
INFO: [ app_end ] --START--
INFO: Run Behavior\ShowPageTraceBehavior [ RunTime:0.000495s ]
INFO: [ app_end ] --END-- [ RunTime:0.000592s ]

[ 2018-09-26T11:16:50+08:00 ] 192.168.1.22 /index.php/admin/login/checkIsLogin
INFO: [ app_init ] --START--
INFO: Run Behavior\BuildLiteBehavior [ RunTime:0.000024s ]
INFO: [ app_init ] --END-- [ RunTime:0.000412s ]
INFO: [ app_begin ] --START--
INFO: Run Behavior\ReadHtmlCacheBehavior [ RunTime:0.000388s ]
INFO: [ app_begin ] --END-- [ RunTime:0.000499s ]
SQL: SHOW COLUMNS FROM `qs_wx_xhjj_sys_config_def` [ RunTime:0.0051s ]
SQL: SELECT * FROM `qs_wx_xhjj_sys_config_def`  [ RunTime:0.0009s ]
NOTIC: [8] Undefined variable: return E:\wamp\www\qs_wx_xhjj\Application\Admin\Controller\LoginController.class.php 第 71 行.

