[ 2018-09-20T09:54:14+08:00 ] 127.0.0.1 /
INFO: [ app_init ] --START--
INFO: Run Behavior\BuildLiteBehavior [ RunTime:0.000031s ]
INFO: [ app_init ] --END-- [ RunTime:0.011329s ]
INFO: [ app_begin ] --START--
INFO: Run Behavior\ReadHtmlCacheBehavior [ RunTime:0.000828s ]
INFO: [ app_begin ] --END-- [ RunTime:0.000969s ]
SQL: SHOW COLUMNS FROM `qs_wx_xhjj_sys_config_def` [ RunTime:0.0477s ]
SQL: SELECT * FROM `qs_wx_xhjj_sys_config_def`  [ RunTime:0.0010s ]
NOTIC: [8] Undefined index: user_id E:\wamp\www\qs_wx_xhjj\Application\Admin\Controller\IndexController.class.php 第 24 行.

[ 2018-09-20T09:54:14+08:00 ] 127.0.0.1 /index.php/Admin/Login/login.html
INFO: [ app_init ] --START--
INFO: Run Behavior\BuildLiteBehavior [ RunTime:0.000028s ]
INFO: [ app_init ] --END-- [ RunTime:0.000557s ]
INFO: [ app_begin ] --START--
INFO: Run Behavior\ReadHtmlCacheBehavior [ RunTime:0.000554s ]
INFO: [ app_begin ] --END-- [ RunTime:0.000706s ]
SQL: SHOW COLUMNS FROM `qs_wx_xhjj_sys_config_def` [ RunTime:0.0349s ]
SQL: SELECT * FROM `qs_wx_xhjj_sys_config_def`  [ RunTime:0.0007s ]
INFO: [ view_parse ] --START--
INFO: [ template_filter ] --START--
INFO: Run Behavior\ContentReplaceBehavior [ RunTime:0.012622s ]
INFO: [ template_filter ] --END-- [ RunTime:0.012793s ]
INFO: Run Behavior\ParseTemplateBehavior [ RunTime:0.021862s ]
INFO: [ view_parse ] --END-- [ RunTime:0.021984s ]
INFO: [ view_filter ] --START--
INFO: Run Behavior\WriteHtmlCacheBehavior [ RunTime:0.000488s ]
INFO: [ view_filter ] --END-- [ RunTime:0.000587s ]
INFO: [ app_end ] --START--
INFO: Run Behavior\ShowPageTraceBehavior [ RunTime:0.000689s ]
INFO: [ app_end ] --END-- [ RunTime:0.000811s ]

[ 2018-09-20T09:54:15+08:00 ] 127.0.0.1 /index.php/Admin/login/verify_c.html
INFO: [ app_init ] --START--
INFO: Run Behavior\BuildLiteBehavior [ RunTime:0.000028s ]
INFO: [ app_init ] --END-- [ RunTime:0.000612s ]
INFO: [ app_begin ] --START--
INFO: Run Behavior\ReadHtmlCacheBehavior [ RunTime:0.000767s ]
INFO: [ app_begin ] --END-- [ RunTime:0.000907s ]
SQL: SHOW COLUMNS FROM `qs_wx_xhjj_sys_config_def` [ RunTime:0.0298s ]
SQL: SELECT * FROM `qs_wx_xhjj_sys_config_def`  [ RunTime:0.0059s ]
INFO: [ app_end ] --START--
INFO: Run Behavior\ShowPageTraceBehavior [ RunTime:0.000778s ]
INFO: [ app_end ] --END-- [ RunTime:0.000914s ]

[ 2018-09-20T09:54:15+08:00 ] 127.0.0.1 /index.php/admin/login/checkIsLogin
INFO: [ app_init ] --START--
INFO: Run Behavior\BuildLiteBehavior [ RunTime:0.000025s ]
INFO: [ app_init ] --END-- [ RunTime:0.000501s ]
INFO: [ app_begin ] --START--
INFO: Run Behavior\ReadHtmlCacheBehavior [ RunTime:0.000743s ]
INFO: [ app_begin ] --END-- [ RunTime:0.000868s ]
SQL: SHOW COLUMNS FROM `qs_wx_xhjj_sys_config_def` [ RunTime:0.0197s ]
SQL: SELECT * FROM `qs_wx_xhjj_sys_config_def`  [ RunTime:0.0014s ]
NOTIC: [8] Undefined variable: return E:\wamp\www\qs_wx_xhjj\Application\Admin\Controller\LoginController.class.php 第 71 行.

[ 2018-09-20T09:54:16+08:00 ] 127.0.0.1 /index.php/admin/SysPrivInfo/getPriviledges
INFO: [ app_init ] --START--
INFO: Run Behavior\BuildLiteBehavior [ RunTime:0.000038s ]
INFO: [ app_init ] --END-- [ RunTime:0.000824s ]
INFO: [ app_begin ] --START--
INFO: Run Behavior\ReadHtmlCacheBehavior [ RunTime:0.001049s ]
INFO: [ app_begin ] --END-- [ RunTime:0.001253s ]
SQL: SHOW COLUMNS FROM `qs_wx_xhjj_sys_config_def` [ RunTime:0.0112s ]
SQL: SELECT * FROM `qs_wx_xhjj_sys_config_def`  [ RunTime:0.0007s ]
SQL: SHOW COLUMNS FROM `qs_wx_xhjj_sys_priv_cat` [ RunTime:0.1366s ]
SQL: SHOW COLUMNS FROM `qs_wx_xhjj_sys_priv_info` [ RunTime:0.1651s ]
NOTIC: [8] Undefined index: user_id E:\wamp\www\qs_wx_xhjj\Application\Admin\Controller\SysPrivInfoController.class.php 第 103 行.
INFO: [ app_end ] --START--
INFO: Run Behavior\ShowPageTraceBehavior [ RunTime:0.000723s ]
INFO: [ app_end ] --END-- [ RunTime:0.000823s ]

[ 2018-09-20T16:55:45+08:00 ] 127.0.0.1 /
INFO: [ app_init ] --START--
INFO: Run Behavior\BuildLiteBehavior [ RunTime:0.000031s ]
INFO: [ app_init ] --END-- [ RunTime:0.000833s ]
INFO: [ app_begin ] --START--
INFO: Run Behavior\ReadHtmlCacheBehavior [ RunTime:0.003530s ]
INFO: [ app_begin ] --END-- [ RunTime:0.003660s ]
SQL: SHOW COLUMNS FROM `qs_wx_xhjj_sys_config_def` [ RunTime:0.0547s ]
SQL: SELECT * FROM `qs_wx_xhjj_sys_config_def`  [ RunTime:0.0019s ]
NOTIC: [8] Undefined index: user_id E:\wamp\www\qs_wx_xhjj\Application\Admin\Controller\IndexController.class.php 第 24 行.

[ 2018-09-20T16:55:45+08:00 ] 127.0.0.1 /index.php/Admin/Login/login.html
INFO: [ app_init ] --START--
INFO: Run Behavior\BuildLiteBehavior [ RunTime:0.000024s ]
INFO: [ app_init ] --END-- [ RunTime:0.000758s ]
INFO: [ app_begin ] --START--
INFO: Run Behavior\ReadHtmlCacheBehavior [ RunTime:0.000421s ]
INFO: [ app_begin ] --END-- [ RunTime:0.000535s ]
SQL: SHOW COLUMNS FROM `qs_wx_xhjj_sys_config_def` [ RunTime:0.0262s ]
SQL: SELECT * FROM `qs_wx_xhjj_sys_config_def`  [ RunTime:0.0008s ]
INFO: [ view_parse ] --START--
INFO: [ template_filter ] --START--
INFO: Run Behavior\ContentReplaceBehavior [ RunTime:0.021631s ]
INFO: [ template_filter ] --END-- [ RunTime:0.021778s ]
INFO: Run Behavior\ParseTemplateBehavior [ RunTime:0.146141s ]
INFO: [ view_parse ] --END-- [ RunTime:0.146270s ]
INFO: [ view_filter ] --START--
INFO: Run Behavior\WriteHtmlCacheBehavior [ RunTime:0.000760s ]
INFO: [ view_filter ] --END-- [ RunTime:0.000867s ]
INFO: [ app_end ] --START--
INFO: Run Behavior\ShowPageTraceBehavior [ RunTime:0.000826s ]
INFO: [ app_end ] --END-- [ RunTime:0.000938s ]

[ 2018-09-20T16:55:46+08:00 ] 127.0.0.1 /index.php/Admin/login/verify_c.html
INFO: [ app_init ] --START--
INFO: Run Behavior\BuildLiteBehavior [ RunTime:0.000027s ]
INFO: [ app_init ] --END-- [ RunTime:0.000511s ]
INFO: [ app_begin ] --START--
INFO: Run Behavior\ReadHtmlCacheBehavior [ RunTime:0.000734s ]
INFO: [ app_begin ] --END-- [ RunTime:0.001005s ]
SQL: SHOW COLUMNS FROM `qs_wx_xhjj_sys_config_def` [ RunTime:0.0222s ]
SQL: SELECT * FROM `qs_wx_xhjj_sys_config_def`  [ RunTime:0.0011s ]
INFO: [ app_end ] --START--
INFO: Run Behavior\ShowPageTraceBehavior [ RunTime:0.000817s ]
INFO: [ app_end ] --END-- [ RunTime:0.000980s ]

[ 2018-09-20T16:55:46+08:00 ] 127.0.0.1 /index.php/admin/login/checkIsLogin
INFO: [ app_init ] --START--
INFO: Run Behavior\BuildLiteBehavior [ RunTime:0.000027s ]
INFO: [ app_init ] --END-- [ RunTime:0.000504s ]
INFO: [ app_begin ] --START--
INFO: Run Behavior\ReadHtmlCacheBehavior [ RunTime:0.000643s ]
INFO: [ app_begin ] --END-- [ RunTime:0.000760s ]
SQL: SHOW COLUMNS FROM `qs_wx_xhjj_sys_config_def` [ RunTime:0.0063s ]
SQL: SELECT * FROM `qs_wx_xhjj_sys_config_def`  [ RunTime:0.0009s ]
NOTIC: [8] Undefined variable: return E:\wamp\www\qs_wx_xhjj\Application\Admin\Controller\LoginController.class.php 第 71 行.

[ 2018-09-20T16:55:46+08:00 ] 127.0.0.1 /index.php/admin/SysPrivInfo/getPriviledges
INFO: [ app_init ] --START--
INFO: Run Behavior\BuildLiteBehavior [ RunTime:0.000027s ]
INFO: [ app_init ] --END-- [ RunTime:0.000527s ]
INFO: [ app_begin ] --START--
INFO: Run Behavior\ReadHtmlCacheBehavior [ RunTime:0.000656s ]
INFO: [ app_begin ] --END-- [ RunTime:0.000774s ]
SQL: SHOW COLUMNS FROM `qs_wx_xhjj_sys_config_def` [ RunTime:0.0100s ]
SQL: SELECT * FROM `qs_wx_xhjj_sys_config_def`  [ RunTime:0.0009s ]
SQL: SHOW COLUMNS FROM `qs_wx_xhjj_sys_priv_cat` [ RunTime:0.0478s ]
SQL: SHOW COLUMNS FROM `qs_wx_xhjj_sys_priv_info` [ RunTime:0.1318s ]
NOTIC: [8] Undefined index: user_id E:\wamp\www\qs_wx_xhjj\Application\Admin\Controller\SysPrivInfoController.class.php 第 103 行.
INFO: [ app_end ] --START--
INFO: Run Behavior\ShowPageTraceBehavior [ RunTime:0.001282s ]
INFO: [ app_end ] --END-- [ RunTime:0.001607s ]

